#
# There is insufficient memory for the Java Runtime Environment to continue.
# Native memory allocation (malloc) failed to allocate 32744 bytes for ChunkPool::allocate
# Possible reasons:
#   The system is out of physical RAM or swap space
#   In 32 bit mode, the process size limit was hit
# Possible solutions:
#   Reduce memory load on the system
#   Increase physical memory or swap space
#   Check if swap backing store is full
#   Use 64 bit Java on a 64 bit OS
#   Decrease Java heap size (-Xmx/-Xms)
#   Decrease number of Java threads
#   Decrease Java thread stack sizes (-Xss)
#   Set larger code cache with -XX:ReservedCodeCacheSize=
# This output file may be truncated or incomplete.
#
#  Out of Memory Error (allocation.cpp:273), pid=17244, tid=0x0000000000007ccc
#
# JRE version: Java(TM) SE Runtime Environment (8.0_181-b13) (build 1.8.0_181-b13)
# Java VM: Java HotSpot(TM) 64-Bit Server VM (25.181-b13 mixed mode windows-amd64 compressed oops)
# Failed to write core dump. Minidumps are not enabled by default on client versions of Windows
#

---------------  T H R E A D  ---------------

Current thread (0x000000001a944800):  JavaThread "C2 CompilerThread0" daemon [_thread_in_native, id=31948, stack(0x000000001ad70000,0x000000001ae70000)]

Stack: [0x000000001ad70000,0x000000001ae70000]
[error occurred during error reporting (printing stack bounds), id 0xc0000005]

Native frames: (J=compiled Java code, j=interpreted, Vv=VM code, C=native code)


Current CompileTask:
C2:   9356 1763       4       org.eclipse.jdt.launching.internal.org.objectweb.asm.ClassReader::accept (1253 bytes)


---------------  P R O C E S S  ---------------

Java Threads: ( => current thread )
  0x000000002060a000 JavaThread "Okio Watchdog" daemon [_thread_blocked, id=3916, stack(0x0000000021400000,0x0000000021500000)]
  0x000000001bc6a000 JavaThread "OkHttp ConnectionPool" daemon [_thread_blocked, id=6036, stack(0x000000001d810000,0x000000001d910000)]
  0x0000000020322800 JavaThread "Keep-Alive-Timer" daemon [_thread_blocked, id=12736, stack(0x000000001d710000,0x000000001d810000)]
  0x00000000204e0000 JavaThread "Exec Stream Pumper" daemon [_thread_in_native, id=8568, stack(0x0000000020fc0000,0x00000000210c0000)]
  0x000000001fc79000 JavaThread "Exec Stream Pumper" daemon [_thread_in_native, id=22944, stack(0x000000001ed10000,0x000000001ee10000)]
  0x000000002007a000 JavaThread "UrlChecker-2" daemon [_thread_blocked, id=1924, stack(0x000000001d510000,0x000000001d610000)]
  0x000000001f07e800 JavaThread "Exec Default Executor" daemon [_thread_in_native, id=31884, stack(0x000000001d410000,0x000000001d510000)]
  0x000000001ac21800 JavaThread "ReaderThread" [_thread_in_native, id=12980, stack(0x000000001c340000,0x000000001c440000)]
  0x000000001a8e2000 JavaThread "Service Thread" daemon [_thread_blocked, id=11148, stack(0x000000001b170000,0x000000001b270000)]
  0x000000001a901800 JavaThread "C1 CompilerThread3" daemon [_thread_blocked, id=1304, stack(0x000000001b070000,0x000000001b170000)]
  0x000000001a948000 JavaThread "C2 CompilerThread2" daemon [_thread_blocked, id=25000, stack(0x000000001af70000,0x000000001b070000)]
  0x000000001a947000 JavaThread "C2 CompilerThread1" daemon [_thread_blocked, id=30476, stack(0x000000001ae70000,0x000000001af70000)]
=>0x000000001a944800 JavaThread "C2 CompilerThread0" daemon [_thread_in_native, id=31948, stack(0x000000001ad70000,0x000000001ae70000)]
  0x000000001976e800 JavaThread "JDWP Command Reader" daemon [_thread_in_native, id=12568, stack(0x000000001a470000,0x000000001a570000)]
  0x000000001976a800 JavaThread "JDWP Event Helper Thread" daemon [_thread_blocked, id=8232, stack(0x000000001a370000,0x000000001a470000)]
  0x000000001975f800 JavaThread "JDWP Transport Listener: dt_socket" daemon [_thread_blocked, id=24824, stack(0x000000001a270000,0x000000001a370000)]
  0x0000000019755000 JavaThread "Attach Listener" daemon [_thread_blocked, id=11456, stack(0x0000000019e30000,0x0000000019f30000)]
  0x0000000019754000 JavaThread "Signal Dispatcher" daemon [_thread_blocked, id=30752, stack(0x0000000019d30000,0x0000000019e30000)]
  0x0000000019740800 JavaThread "Finalizer" daemon [_thread_blocked, id=14028, stack(0x0000000019b20000,0x0000000019c20000)]
  0x000000000275e000 JavaThread "Reference Handler" daemon [_thread_blocked, id=24692, stack(0x0000000019620000,0x0000000019720000)]
  0x0000000002669000 JavaThread "Forwarding newSession on session null to remote" [_thread_in_native, id=14644, stack(0x0000000002560000,0x0000000002660000)]

Other Threads:
  0x0000000017849800 VMThread [stack: 0x0000000019520000,0x0000000019620000] [id=28400]
  0x000000001a87b000 WatcherThread [stack: 0x000000001b270000,0x000000001b370000] [id=2120]

VM state:not at safepoint (normal execution)

VM Mutex/Monitor currently owned by a thread: None

Heap:
 PSYoungGen      total 38400K, used 10557K [0x00000000d5d00000, 0x00000000d8780000, 0x0000000100000000)
  eden space 33280K, 16% used [0x00000000d5d00000,0x00000000d62568d0,0x00000000d7d80000)
  from space 5120K, 99% used [0x00000000d8280000,0x00000000d8778e10,0x00000000d8780000)
  to   space 5120K, 0% used [0x00000000d7d80000,0x00000000d7d80000,0x00000000d8280000)
 ParOldGen       total 87552K, used 2134K [0x0000000081600000, 0x0000000086b80000, 0x00000000d5d00000)
  object space 87552K, 2% used [0x0000000081600000,0x00000000818158a0,0x0000000086b80000)
 Metaspace       used 16586K, capacity 17324K, committed 17536K, reserved 1064960K
  class space    used 2200K, capacity 2416K, committed 2432K, reserved 1048576K

Card table byte_map: [0x0000000011c30000,0x0000000012030000] byte_map_base: 0x0000000011825000

Marking Bits: (ParMarkBitMap*) 0x000000006d0b2d00
 Begin Bits: [0x0000000012ae0000, 0x0000000014a88000)
 End Bits:   [0x0000000014a88000, 0x0000000016a30000)

Polling page: 0x0000000000be0000

CodeCache: size=245760Kb used=7457Kb max_used=7507Kb free=238302Kb
 bounds [0x0000000002870000, 0x0000000002fd0000, 0x0000000011870000]
 total_blobs=2150 nmethods=1778 adapters=292
 compilation: enabled

Compilation events (10 events):
Event: 7.711 Thread 0x000000001a948000 nmethod 1771 0x0000000002f9c850 code [0x0000000002f9c9e0, 0x0000000002f9d858]
Event: 7.711 Thread 0x000000001a948000 1773       4       java.io.DataInputStream::readInt (72 bytes)
Event: 7.739 Thread 0x000000001a948000 nmethod 1773 0x0000000002f97610 code [0x0000000002f97800, 0x0000000002f994f0]
Event: 7.739 Thread 0x000000001a948000 1786       4       java.nio.DirectLongBufferU::get (16 bytes)
Event: 7.741 Thread 0x000000001a948000 nmethod 1786 0x0000000002f97390 code [0x0000000002f974c0, 0x0000000002f97558]
Event: 7.741 Thread 0x000000001a948000 1787       4       java.nio.DirectLongBufferU::put (18 bytes)
Event: 7.742 Thread 0x000000001a948000 nmethod 1787 0x0000000002f97110 code [0x0000000002f97240, 0x0000000002f972d8]
Event: 7.749 Thread 0x000000001a901800 1788       1       org.eclipse.jdt.launching.internal.org.objectweb.asm.ClassWriter::visitEnd (1 bytes)
Event: 7.749 Thread 0x000000001a901800 nmethod 1788 0x0000000002f96e50 code [0x0000000002f96fa0, 0x0000000002f970b0]
Event: 7.863 Thread 0x000000001a947000 nmethod 1686 0x0000000002fb9910 code [0x0000000002fb9de0, 0x0000000002fc3a60]

GC Heap History (8 events):
Event: 2.846 GC heap before
{Heap before GC invocations=1 (full 0):
 PSYoungGen      total 38400K, used 33280K [0x00000000d5d00000, 0x00000000d8780000, 0x0000000100000000)
  eden space 33280K, 100% used [0x00000000d5d00000,0x00000000d7d80000,0x00000000d7d80000)
  from space 5120K, 0% used [0x00000000d8280000,0x00000000d8280000,0x00000000d8780000)
  to   space 5120K, 0% used [0x00000000d7d80000,0x00000000d7d80000,0x00000000d8280000)
 ParOldGen       total 87552K, used 0K [0x0000000081600000, 0x0000000086b80000, 0x00000000d5d00000)
  object space 87552K, 0% used [0x0000000081600000,0x0000000081600000,0x0000000086b80000)
 Metaspace       used 7001K, capacity 7122K, committed 7296K, reserved 1056768K
  class space    used 798K, capacity 817K, committed 896K, reserved 1048576K
Event: 2.852 GC heap after
Heap after GC invocations=1 (full 0):
 PSYoungGen      total 38400K, used 3446K [0x00000000d5d00000, 0x00000000d8780000, 0x0000000100000000)
  eden space 33280K, 0% used [0x00000000d5d00000,0x00000000d5d00000,0x00000000d7d80000)
  from space 5120K, 67% used [0x00000000d7d80000,0x00000000d80ddb90,0x00000000d8280000)
  to   space 5120K, 0% used [0x00000000d8280000,0x00000000d8280000,0x00000000d8780000)
 ParOldGen       total 87552K, used 8K [0x0000000081600000, 0x0000000086b80000, 0x00000000d5d00000)
  object space 87552K, 0% used [0x0000000081600000,0x0000000081602000,0x0000000086b80000)
 Metaspace       used 7001K, capacity 7122K, committed 7296K, reserved 1056768K
  class space    used 798K, capacity 817K, committed 896K, reserved 1048576K
}
Event: 3.802 GC heap before
{Heap before GC invocations=2 (full 0):
 PSYoungGen      total 38400K, used 36726K [0x00000000d5d00000, 0x00000000d8780000, 0x0000000100000000)
  eden space 33280K, 100% used [0x00000000d5d00000,0x00000000d7d80000,0x00000000d7d80000)
  from space 5120K, 67% used [0x00000000d7d80000,0x00000000d80ddb90,0x00000000d8280000)
  to   space 5120K, 0% used [0x00000000d8280000,0x00000000d8280000,0x00000000d8780000)
 ParOldGen       total 87552K, used 8K [0x0000000081600000, 0x0000000086b80000, 0x00000000d5d00000)
  object space 87552K, 0% used [0x0000000081600000,0x0000000081602000,0x0000000086b80000)
 Metaspace       used 9008K, capacity 9048K, committed 9216K, reserved 1056768K
  class space    used 1180K, capacity 1202K, committed 1280K, reserved 1048576K
Event: 3.810 GC heap after
Heap after GC invocations=2 (full 0):
 PSYoungGen      total 38400K, used 3653K [0x00000000d5d00000, 0x00000000d8780000, 0x0000000100000000)
  eden space 33280K, 0% used [0x00000000d5d00000,0x00000000d5d00000,0x00000000d7d80000)
  from space 5120K, 71% used [0x00000000d8280000,0x00000000d8611478,0x00000000d8780000)
  to   space 5120K, 0% used [0x00000000d7d80000,0x00000000d7d80000,0x00000000d8280000)
 ParOldGen       total 87552K, used 16K [0x0000000081600000, 0x0000000086b80000, 0x00000000d5d00000)
  object space 87552K, 0% used [0x0000000081600000,0x0000000081604000,0x0000000086b80000)
 Metaspace       used 9008K, capacity 9048K, committed 9216K, reserved 1056768K
  class space    used 1180K, capacity 1202K, committed 1280K, reserved 1048576K
}
Event: 5.671 GC heap before
{Heap before GC invocations=3 (full 0):
 PSYoungGen      total 38400K, used 36933K [0x00000000d5d00000, 0x00000000d8780000, 0x0000000100000000)
  eden space 33280K, 100% used [0x00000000d5d00000,0x00000000d7d80000,0x00000000d7d80000)
  from space 5120K, 71% used [0x00000000d8280000,0x00000000d8611478,0x00000000d8780000)
  to   space 5120K, 0% used [0x00000000d7d80000,0x00000000d7d80000,0x00000000d8280000)
 ParOldGen       total 87552K, used 16K [0x0000000081600000, 0x0000000086b80000, 0x00000000d5d00000)
  object space 87552K, 0% used [0x0000000081600000,0x0000000081604000,0x0000000086b80000)
 Metaspace       used 13278K, capacity 13534K, committed 13696K, reserved 1060864K
  class space    used 1708K, capacity 1795K, committed 1920K, reserved 1048576K
Event: 5.680 GC heap after
Heap after GC invocations=3 (full 0):
 PSYoungGen      total 38400K, used 5100K [0x00000000d5d00000, 0x00000000d8780000, 0x0000000100000000)
  eden space 33280K, 0% used [0x00000000d5d00000,0x00000000d5d00000,0x00000000d7d80000)
  from space 5120K, 99% used [0x00000000d7d80000,0x00000000d827b168,0x00000000d8280000)
  to   space 5120K, 0% used [0x00000000d8280000,0x00000000d8280000,0x00000000d8780000)
 ParOldGen       total 87552K, used 595K [0x0000000081600000, 0x0000000086b80000, 0x00000000d5d00000)
  object space 87552K, 0% used [0x0000000081600000,0x0000000081694ea8,0x0000000086b80000)
 Metaspace       used 13278K, capacity 13534K, committed 13696K, reserved 1060864K
  class space    used 1708K, capacity 1795K, committed 1920K, reserved 1048576K
}
Event: 7.641 GC heap before
{Heap before GC invocations=4 (full 0):
 PSYoungGen      total 38400K, used 38380K [0x00000000d5d00000, 0x00000000d8780000, 0x0000000100000000)
  eden space 33280K, 100% used [0x00000000d5d00000,0x00000000d7d80000,0x00000000d7d80000)
  from space 5120K, 99% used [0x00000000d7d80000,0x00000000d827b168,0x00000000d8280000)
  to   space 5120K, 0% used [0x00000000d8280000,0x00000000d8280000,0x00000000d8780000)
 ParOldGen       total 87552K, used 595K [0x0000000081600000, 0x0000000086b80000, 0x00000000d5d00000)
  object space 87552K, 0% used [0x0000000081600000,0x0000000081694ea8,0x0000000086b80000)
 Metaspace       used 16209K, capacity 16946K, committed 17280K, reserved 1064960K
  class space    used 2158K, capacity 2377K, committed 2432K, reserved 1048576K
Event: 7.658 GC heap after
Heap after GC invocations=4 (full 0):
 PSYoungGen      total 38400K, used 5091K [0x00000000d5d00000, 0x00000000d8780000, 0x0000000100000000)
  eden space 33280K, 0% used [0x00000000d5d00000,0x00000000d5d00000,0x00000000d7d80000)
  from space 5120K, 99% used [0x00000000d8280000,0x00000000d8778e10,0x00000000d8780000)
  to   space 5120K, 0% used [0x00000000d7d80000,0x00000000d7d80000,0x00000000d8280000)
 ParOldGen       total 87552K, used 2134K [0x0000000081600000, 0x0000000086b80000, 0x00000000d5d00000)
  object space 87552K, 2% used [0x0000000081600000,0x00000000818158a0,0x0000000086b80000)
 Metaspace       used 16209K, capacity 16946K, committed 17280K, reserved 1064960K
  class space    used 2158K, capacity 2377K, committed 2432K, reserved 1048576K
}

Deoptimization events (10 events):
Event: 7.207 Thread 0x0000000002669000 Uncommon trap: reason=unstable_if action=reinterpret pc=0x0000000002cf6288 method=org.eclipse.jdt.launching.internal.org.objectweb.asm.MethodWriter.computeMethodInfoSize()I @ 525
Event: 7.208 Thread 0x0000000002669000 Uncommon trap: reason=unstable_if action=reinterpret pc=0x0000000002de33a0 method=org.eclipse.jdt.launching.internal.org.objectweb.asm.MethodWriter.putMethodInfo(Lorg/eclipse/jdt/launching/internal/org/objectweb/asm/ByteVector;)V @ 190
Event: 7.375 Thread 0x0000000002669000 Uncommon trap: reason=class_check action=maybe_recompile pc=0x0000000002e62820 method=java.util.regex.Matcher.search(I)Z @ 86
Event: 7.376 Thread 0x0000000002669000 Uncommon trap: reason=class_check action=maybe_recompile pc=0x0000000002e62820 method=java.util.regex.Matcher.search(I)Z @ 86
Event: 7.376 Thread 0x0000000002669000 Uncommon trap: reason=class_check action=maybe_recompile pc=0x0000000002e62820 method=java.util.regex.Matcher.search(I)Z @ 86
Event: 7.376 Thread 0x0000000002669000 Uncommon trap: reason=class_check action=maybe_recompile pc=0x0000000002e62820 method=java.util.regex.Matcher.search(I)Z @ 86
Event: 7.427 Thread 0x0000000002669000 Uncommon trap: reason=unstable_if action=reinterpret pc=0x0000000002e9e480 method=org.eclipse.jdt.launching.internal.org.objectweb.asm.SymbolTable.addConstant(Ljava/lang/Object;)Lorg/eclipse/jdt/launching/internal/org/objectweb/asm/Symbol; @ 107
Event: 7.505 Thread 0x0000000002669000 Uncommon trap: reason=unstable_if action=reinterpret pc=0x0000000002b6440c method=org.eclipse.jdt.launching.internal.org.objectweb.asm.ByteVector.putUTF8(Ljava/lang/String;)Lorg/eclipse/jdt/launching/internal/org/objectweb/asm/ByteVector; @ 91
Event: 7.505 Thread 0x0000000002669000 Uncommon trap: reason=unstable_if action=reinterpret pc=0x0000000002b79ed4 method=org.eclipse.jdt.launching.internal.org.objectweb.asm.ByteVector.encodeUTF8(Ljava/lang/String;II)Lorg/eclipse/jdt/launching/internal/org/objectweb/asm/ByteVector; @ 30
Event: 7.605 Thread 0x0000000002669000 Uncommon trap: reason=unstable_if action=reinterpret pc=0x0000000002e203b0 method=java.util.regex.Pattern$BmpCharProperty.match(Ljava/util/regex/Matcher;ILjava/lang/CharSequence;)Z @ 34

Classes redefined (0 events):
No events

Internal exceptions (10 events):
Event: 4.087 Thread 0x0000000002669000 Exception <a 'java/lang/NoSuchFieldError': method resolution failed> (0x00000000d6259e40) thrown at [C:\re\workspace\8-2-build-windows-amd64-cygwin\jdk8u181\11358\hotspot\src\share\vm\prims\methodHandles.cpp, line 1167]
Event: 7.024 Thread 0x000000002007a000 Exception <a 'java/net/SocketTimeoutException': connect timed out> (0x00000000d648ced8) thrown at [C:\re\workspace\8-2-build-windows-amd64-cygwin\jdk8u181\11358\hotspot\src\share\vm\prims\jni.cpp, line 735]
Event: 7.085 Thread 0x0000000002669000 Exception <a 'java/lang/IncompatibleClassChangeError': Found class java.lang.Object, but interface was expected> (0x00000000d6731410) thrown at [C:\re\workspace\8-2-build-windows-amd64-cygwin\jdk8u181\11358\hotspot\src\share\vm\interpreter\linkResolver.cp
Event: 7.089 Thread 0x0000000002669000 Exception <a 'java/lang/NoSuchMethodError': java.lang.Object.lambda$or$2(Ljava/util/function/Predicate;Ljava/lang/Object;)Z> (0x00000000d6740fb0) thrown at [C:\re\workspace\8-2-build-windows-amd64-cygwin\jdk8u181\11358\hotspot\src\share\vm\interpreter\lin
Event: 7.108 Thread 0x0000000002669000 Exception <a 'java/lang/ArrayIndexOutOfBoundsException': 110> (0x00000000d6845c30) thrown at [C:\re\workspace\8-2-build-windows-amd64-cygwin\jdk8u181\11358\hotspot\src\share\vm\interpreter\interpreterRuntime.cpp, line 366]
Event: 7.109 Thread 0x0000000002669000 Exception <a 'java/lang/ArrayIndexOutOfBoundsException': 67> (0x00000000d68475e8) thrown at [C:\re\workspace\8-2-build-windows-amd64-cygwin\jdk8u181\11358\hotspot\src\share\vm\interpreter\interpreterRuntime.cpp, line 366]
Event: 7.109 Thread 0x0000000002669000 Exception <a 'java/lang/ArrayIndexOutOfBoundsException': 88> (0x00000000d6848860) thrown at [C:\re\workspace\8-2-build-windows-amd64-cygwin\jdk8u181\11358\hotspot\src\share\vm\interpreter\interpreterRuntime.cpp, line 366]
Event: 7.110 Thread 0x0000000002669000 Exception <a 'java/lang/ArrayIndexOutOfBoundsException': 92> (0x00000000d68515e8) thrown at [C:\re\workspace\8-2-build-windows-amd64-cygwin\jdk8u181\11358\hotspot\src\share\vm\interpreter\interpreterRuntime.cpp, line 366]
Event: 7.112 Thread 0x0000000002669000 Exception <a 'java/lang/ArrayIndexOutOfBoundsException': 57> (0x00000000d6859c48) thrown at [C:\re\workspace\8-2-build-windows-amd64-cygwin\jdk8u181\11358\hotspot\src\share\vm\interpreter\interpreterRuntime.cpp, line 366]
Event: 7.221 Thread 0x0000000002669000 Exception <a 'java/lang/NoSuchMethodError': java.lang.Object.lambda$chars$0()Ljava/util/Spliterator$OfInt;> (0x00000000d6c86bc8) thrown at [C:\re\workspace\8-2-build-windows-amd64-cygwin\jdk8u181\11358\hotspot\src\share\vm\interpreter\linkResolver.cpp, li

Events (10 events):
Event: 7.772 Thread 0x0000000002669000 DEOPT UNPACKING pc=0x00000000028b7890 sp=0x000000000265b4d0 mode 1
Event: 7.774 loading class okio/AsyncTimeout$Watchdog
Event: 7.774 loading class okio/AsyncTimeout$Watchdog done
Event: 7.774 Thread 0x0000000002669000 DEOPT PACKING pc=0x0000000002ac5f81 sp=0x000000000265bea0
Event: 7.774 Thread 0x0000000002669000 DEOPT UNPACKING pc=0x00000000028b7890 sp=0x000000000265bbf0 mode 1
Event: 7.775 Thread 0x0000000002669000 DEOPT PACKING pc=0x0000000002aa93bc sp=0x000000000265bf20
Event: 7.775 Thread 0x0000000002669000 DEOPT UNPACKING pc=0x00000000028b7890 sp=0x000000000265bd40 mode 1
Event: 7.775 Thread 0x0000000002669000 DEOPT PACKING pc=0x0000000002aa9154 sp=0x000000000265c0b0
Event: 7.775 Thread 0x0000000002669000 DEOPT UNPACKING pc=0x00000000028b7890 sp=0x000000000265bed0 mode 1
Event: 7.776 Thread 0x000000002060a000 Thread added: 0x000000002060a000


Dynamic libraries:
0x00007ff6b5070000 - 0x00007ff6b50a7000 	C:\Program Files\Java\jdk1.8.0_181\bin\javaw.exe
0x00007ffda5a60000 - 0x00007ffda5c50000 	C:\WINDOWS\SYSTEM32\ntdll.dll
0x00007ffda4fc0000 - 0x00007ffda5072000 	C:\WINDOWS\System32\KERNEL32.DLL
0x00007ffda35c0000 - 0x00007ffda3864000 	C:\WINDOWS\System32\KERNELBASE.dll
0x00007ffda5240000 - 0x00007ffda52e3000 	C:\WINDOWS\System32\ADVAPI32.dll
0x00007ffda4de0000 - 0x00007ffda4e7e000 	C:\WINDOWS\System32\msvcrt.dll
0x00007ffda5080000 - 0x00007ffda5117000 	C:\WINDOWS\System32\sechost.dll
0x00007ffda5120000 - 0x00007ffda5240000 	C:\WINDOWS\System32\RPCRT4.dll
0x00007ffda4c40000 - 0x00007ffda4dd4000 	C:\WINDOWS\System32\USER32.dll
0x00007ffda2a40000 - 0x00007ffda2a61000 	C:\WINDOWS\System32\win32u.dll
0x00007ffda4330000 - 0x00007ffda4356000 	C:\WINDOWS\System32\GDI32.dll
0x00007ffda38f0000 - 0x00007ffda3a86000 	C:\WINDOWS\System32\gdi32full.dll
0x00007ffda3420000 - 0x00007ffda34be000 	C:\WINDOWS\System32\msvcp_win.dll
0x00007ffda34c0000 - 0x00007ffda35ba000 	C:\WINDOWS\System32\ucrtbase.dll
0x00007ffd7f3b0000 - 0x00007ffd7f634000 	C:\WINDOWS\WinSxS\amd64_microsoft.windows.common-controls_6595b64144ccf1df_6.0.18362.959_none_e6c7bbbf130c62bb\COMCTL32.dll
0x00007ffda3e90000 - 0x00007ffda41c5000 	C:\WINDOWS\System32\combase.dll
0x00007ffda3870000 - 0x00007ffda38f0000 	C:\WINDOWS\System32\bcryptPrimitives.dll
0x00007ffda3cc0000 - 0x00007ffda3cee000 	C:\WINDOWS\System32\IMM32.DLL
0x000000006d140000 - 0x000000006d212000 	C:\Program Files\Java\jdk1.8.0_181\jre\bin\msvcr100.dll
0x000000006c890000 - 0x000000006d132000 	C:\Program Files\Java\jdk1.8.0_181\jre\bin\server\jvm.dll
0x00007ffda4b60000 - 0x00007ffda4b68000 	C:\WINDOWS\System32\PSAPI.DLL
0x00007ffda01d0000 - 0x00007ffda01d9000 	C:\WINDOWS\SYSTEM32\WSOCK32.dll
0x00007ffd9faa0000 - 0x00007ffd9fac4000 	C:\WINDOWS\SYSTEM32\WINMM.dll
0x00007ffda4f50000 - 0x00007ffda4fbf000 	C:\WINDOWS\System32\WS2_32.dll
0x00007ffd981d0000 - 0x00007ffd981da000 	C:\WINDOWS\SYSTEM32\VERSION.dll
0x00007ffd9f4b0000 - 0x00007ffd9f4dd000 	C:\WINDOWS\SYSTEM32\winmmbase.dll
0x00007ffda3ac0000 - 0x00007ffda3b0a000 	C:\WINDOWS\System32\cfgmgr32.dll
0x000000006fd20000 - 0x000000006fd2f000 	C:\Program Files\Java\jdk1.8.0_181\jre\bin\verify.dll
0x000000006e210000 - 0x000000006e239000 	C:\Program Files\Java\jdk1.8.0_181\jre\bin\java.dll
0x000000006e1d0000 - 0x000000006e205000 	C:\Program Files\Java\jdk1.8.0_181\jre\bin\jdwp.dll
0x000000006fd10000 - 0x000000006fd18000 	C:\Program Files\Java\jdk1.8.0_181\jre\bin\npt.dll
0x000000006e1a0000 - 0x000000006e1c3000 	C:\Program Files\Java\jdk1.8.0_181\jre\bin\instrument.dll
0x000000006c870000 - 0x000000006c886000 	C:\Program Files\Java\jdk1.8.0_181\jre\bin\zip.dll
0x00007ffda4370000 - 0x00007ffda4a56000 	C:\WINDOWS\System32\SHELL32.dll
0x00007ffda52f0000 - 0x00007ffda5399000 	C:\WINDOWS\System32\shcore.dll
0x00007ffda2c90000 - 0x00007ffda3412000 	C:\WINDOWS\System32\windows.storage.dll
0x00007ffda2940000 - 0x00007ffda2963000 	C:\WINDOWS\System32\profapi.dll
0x00007ffda2970000 - 0x00007ffda29ba000 	C:\WINDOWS\System32\powrprof.dll
0x00007ffda2910000 - 0x00007ffda2920000 	C:\WINDOWS\System32\UMPDC.dll
0x00007ffda5810000 - 0x00007ffda5862000 	C:\WINDOWS\System32\shlwapi.dll
0x00007ffda29c0000 - 0x00007ffda29d1000 	C:\WINDOWS\System32\kernel.appcore.dll
0x00007ffda2b20000 - 0x00007ffda2b37000 	C:\WINDOWS\System32\cryptsp.dll
0x000000006fd00000 - 0x000000006fd09000 	C:\Program Files\Java\jdk1.8.0_181\jre\bin\dt_socket.dll
0x00007ffd9cb50000 - 0x00007ffd9cb66000 	C:\WINDOWS\system32\napinsp.dll
0x00007ffd9a6f0000 - 0x00007ffd9a70a000 	C:\WINDOWS\system32\pnrpnsp.dll
0x00007ffda2120000 - 0x00007ffda2187000 	C:\WINDOWS\System32\mswsock.dll
0x00007ffda1e70000 - 0x00007ffda1f3b000 	C:\WINDOWS\SYSTEM32\DNSAPI.dll
0x00007ffda4ae0000 - 0x00007ffda4ae8000 	C:\WINDOWS\System32\NSI.dll
0x00007ffda1e30000 - 0x00007ffda1e6a000 	C:\WINDOWS\SYSTEM32\IPHLPAPI.DLL
0x00007ffd9cb40000 - 0x00007ffd9cb4e000 	C:\WINDOWS\System32\winrnr.dll
0x00007ffd9ee00000 - 0x00007ffd9ee1c000 	C:\WINDOWS\system32\NLAapi.dll
0x00007ffd9e300000 - 0x00007ffd9e315000 	C:\WINDOWS\system32\wshbth.dll
0x00007ffd98fc0000 - 0x00007ffd99037000 	C:\WINDOWS\System32\fwpuclnt.dll
0x00007ffda3a90000 - 0x00007ffda3ab6000 	C:\WINDOWS\System32\bcrypt.dll
0x00007ffd97e00000 - 0x00007ffd97e0a000 	C:\Windows\System32\rasadhlp.dll
0x000000006c850000 - 0x000000006c86a000 	C:\Program Files\Java\jdk1.8.0_181\jre\bin\net.dll
0x000000006c820000 - 0x000000006c844000 	C:\Program Files\Java\jdk1.8.0_181\jre\bin\sunec.dll
0x000000006e190000 - 0x000000006e19b000 	C:\Program Files\Java\jdk1.8.0_181\jre\bin\sunmscapi.dll
0x00007ffda2b40000 - 0x00007ffda2c89000 	C:\WINDOWS\System32\CRYPT32.dll
0x00007ffda2920000 - 0x00007ffda2932000 	C:\WINDOWS\System32\MSASN1.dll
0x00007ffd99250000 - 0x00007ffd99266000 	C:\WINDOWS\SYSTEM32\dhcpcsvc6.DLL
0x00007ffd995e0000 - 0x00007ffd995fc000 	C:\WINDOWS\SYSTEM32\dhcpcsvc.DLL
0x000000006c800000 - 0x000000006c811000 	C:\Program Files\Java\jdk1.8.0_181\jre\bin\nio.dll
0x00007ffda1c90000 - 0x00007ffda1cc3000 	C:\WINDOWS\system32\rsaenh.dll
0x00007ffda2830000 - 0x00007ffda2855000 	C:\WINDOWS\SYSTEM32\USERENV.dll
0x00007ffda22f0000 - 0x00007ffda22fc000 	C:\WINDOWS\SYSTEM32\CRYPTBASE.dll

VM Arguments:
jvm_args: -agentlib:jdwp=transport=dt_socket,suspend=y,address=localhost:65491 -ea -javaagent:C:\Users\91917\eclipse\java-2018-092\eclipse\configuration\org.eclipse.osgi\237\0\.cp\lib\javaagent-shaded.jar -Dfile.encoding=UTF-8 
java_command: org.eclipse.jdt.internal.junit.runner.RemoteTestRunner -version 3 -port 65490 -testLoaderClass org.eclipse.jdt.internal.junit4.runner.JUnit4TestLoader -loaderpluginname org.eclipse.jdt.junit4.runtime -classNames com.makemytrip.runner.Runner
java_class_path (initial): C:\Users\91917\eclipse-workspace\MakeMyTrip\target\test-classes;C:\Users\91917\eclipse-workspace\MakeMyTrip\target\classes;C:\Users\91917\.m2\repository\junit\junit\4.12\junit-4.12.jar;C:\Users\91917\.m2\repository\org\hamcrest\hamcrest-core\1.3\hamcrest-core-1.3.jar;C:\Users\91917\.m2\repository\org\apache\poi\poi\4.1.1\poi-4.1.1.jar;C:\Users\91917\.m2\repository\commons-codec\commons-codec\1.13\commons-codec-1.13.jar;C:\Users\91917\.m2\repository\org\apache\commons\commons-collections4\4.4\commons-collections4-4.4.jar;C:\Users\91917\.m2\repository\org\apache\commons\commons-math3\3.6.1\commons-math3-3.6.1.jar;C:\Users\91917\.m2\repository\org\apache\poi\poi-ooxml\4.1.0\poi-ooxml-4.1.0.jar;C:\Users\91917\.m2\repository\org\apache\poi\poi-ooxml-schemas\4.1.0\poi-ooxml-schemas-4.1.0.jar;C:\Users\91917\.m2\repository\org\apache\xmlbeans\xmlbeans\3.1.0\xmlbeans-3.1.0.jar;C:\Users\91917\.m2\repository\org\apache\commons\commons-compress\1.18\commons-compress-1.18.jar;C:\Users\91917\.m2\repository\com\github\virtuald\curvesapi\1.06\curvesapi-1.06.jar;C:\Users\91917\.m2\repository\org\seleniumhq\selenium\selenium-java\3.141.59\selenium-java-3.141.59.jar;C:\Users\91917\.m2\repository\org\seleniumhq\selenium\selenium-api\3.141.59\selenium-api-3.141.59.jar;C:\Users\91917\.m2\repository\org\seleniumhq\selenium\selenium-chrome-driver\3.141.59\selenium-chrome-driver-3.141.59.jar;C:\Users\91917\.m2\repository\org\seleniumhq\selenium\selenium-edge-driver\3.141.59\selenium-edge-driver-3.141.59.jar;C:\Users\91917\.m2\repository\org\seleniumhq\selenium\selenium-firefox-driver\3.141.59\selenium-firefox-driver-3.141.59.jar;C:\Users\91917\.m2\repository\org\seleniumhq\selenium\selenium-ie-driver\3.141.59\selenium-ie-driver-3.141.59.jar;C:\Users\91917\.m2\repository\org\seleniumhq\selenium\selenium-opera-driver\3.141.59\selenium-opera-driver-3.141.59.jar;C:\Users\91917\.m2\repository\org\seleniumhq\selenium\selenium-remote-driver\3.141.59\selenium-remote-dri
Launcher Type: SUN_STANDARD

Environment Variables:
JAVA_HOME=C:\Program Files\Java\jdk1.8.0_181
PATH=C:\Program Files\Java\jdk1.8.0_181\jre\bin;C:/Program Files/Java/jre1.8.0_181/bin/server;C:/Program Files/Java/jre1.8.0_181/bin;C:/Program Files/Java/jre1.8.0_181/lib/amd64;C:\Users\91917\Downloads\WINDOWS.X64_193000_db_home\bin;C:\Program Files (x86)\Common Files\Oracle\Java\javapath;C:\WINDOWS\system32;C:\WINDOWS;C:\WINDOWS\System32\Wbem;C:\WINDOWS\System32\WindowsPowerShell\v1.0\;C:\WINDOWS\System32\OpenSSH\;D:\Java\jre1.8.0_18;C:\Maven\bin;C:\Program Files\Git\cmd;C:\Users\91917\AppData\Local\Android\Sdk\platform-tools;C:\Users\91917\AppData\Local\Android\Sdk\tools;C:\Users\91917\AppData\Local\Android\Sdk\tools\bin;C:\Program Files\nodejs\;C:\Program Files\Microsoft SQL Server\Client SDK\ODBC\170\Tools\Binn\;C:\Program Files (x86)\Microsoft SQL Server\150\Tools\Binn\;C:\Program Files\Microsoft SQL Server\150\Tools\Binn\;C:\Program Files\Microsoft SQL Server\150\DTS\Binn\;C:\Program Files (x86)\Microsoft SQL Server\150\DTS\Binn\;C:\gradle-6.5.1\bin;C:\Users\91917\AppData\Local\Microsoft\WindowsApps;;C:\WINDOWS\System32;
USERNAME=91917
OS=Windows_NT
PROCESSOR_IDENTIFIER=Intel64 Family 6 Model 142 Stepping 10, GenuineIntel



---------------  S Y S T E M  ---------------

OS: Windows 10.0 , 64 bit Build 18362 (10.0.18362.959)

CPU:total 8 (initial active 8) (4 cores per cpu, 2 threads per core) family 6 model 142 stepping 10, cmov, cx8, fxsr, mmx, sse, sse2, sse3, ssse3, sse4.1, sse4.2, popcnt, avx, avx2, aes, clmul, erms, 3dnowpref, lzcnt, ht, tsc, tscinvbit, bmi1, bmi2, adx

Memory: 4k page, physical 8295652k(999288k free), swap 12391652k(9560k free)

vm_info: Java HotSpot(TM) 64-Bit Server VM (25.181-b13) for windows-amd64 JRE (1.8.0_181-b13), built on Jul  7 2018 04:01:33 by "java_re" with MS VC++ 10.0 (VS2010)

time: Thu Aug 06 07:48:44 2020
elapsed time: 9 seconds (0d 0h 0m 9s)

