#
# There is insufficient memory for the Java Runtime Environment to continue.
# Native memory allocation (malloc) failed to allocate 3485232 bytes for Chunk::new
# Possible reasons:
#   The system is out of physical RAM or swap space
#   In 32 bit mode, the process size limit was hit
# Possible solutions:
#   Reduce memory load on the system
#   Increase physical memory or swap space
#   Check if swap backing store is full
#   Use 64 bit Java on a 64 bit OS
#   Decrease Java heap size (-Xmx/-Xms)
#   Decrease number of Java threads
#   Decrease Java thread stack sizes (-Xss)
#   Set larger code cache with -XX:ReservedCodeCacheSize=
# This output file may be truncated or incomplete.
#
#  Out of Memory Error (allocation.cpp:390), pid=6960, tid=0x0000000000005184
#
# JRE version: Java(TM) SE Runtime Environment (8.0_181-b13) (build 1.8.0_181-b13)
# Java VM: Java HotSpot(TM) 64-Bit Server VM (25.181-b13 mixed mode windows-amd64 compressed oops)
# Failed to write core dump. Minidumps are not enabled by default on client versions of Windows
#

---------------  T H R E A D  ---------------

Current thread (0x000000001aadc000):  JavaThread "C2 CompilerThread2" daemon [_thread_in_native, id=20868, stack(0x000000001b1b0000,0x000000001b2b0000)]

Stack: [0x000000001b1b0000,0x000000001b2b0000]
[error occurred during error reporting (printing stack bounds), id 0xc0000005]

Native frames: (J=compiled Java code, j=interpreted, Vv=VM code, C=native code)


Current CompileTask:
C2:  10848 1755       4       org.eclipse.jdt.launching.internal.org.objectweb.asm.ClassReader::accept (1253 bytes)


---------------  P R O C E S S  ---------------

Java Threads: ( => current thread )
  0x000000001f87a000 JavaThread "Okio Watchdog" daemon [_thread_blocked, id=16856, stack(0x0000000021cc0000,0x0000000021dc0000)]
  0x0000000020904800 JavaThread "OkHttp ConnectionPool" daemon [_thread_blocked, id=25924, stack(0x0000000021670000,0x0000000021770000)]
  0x000000001bafc800 JavaThread "Keep-Alive-Timer" daemon [_thread_blocked, id=3492, stack(0x0000000021120000,0x0000000021220000)]
  0x000000001bafc000 JavaThread "Exec Stream Pumper" daemon [_thread_in_native, id=17152, stack(0x000000001da50000,0x000000001db50000)]
  0x000000001ea63800 JavaThread "Exec Stream Pumper" daemon [_thread_in_native, id=26856, stack(0x000000001d950000,0x000000001da50000)]
  0x000000001f4f3800 JavaThread "UrlChecker-2" daemon [_thread_blocked, id=26780, stack(0x000000001d750000,0x000000001d850000)]
  0x000000001c82f800 JavaThread "Exec Default Executor" daemon [_thread_in_native, id=12716, stack(0x000000001d650000,0x000000001d750000)]
  0x000000001ae93800 JavaThread "ReaderThread" [_thread_in_native, id=27556, stack(0x000000001c580000,0x000000001c680000)]
  0x000000001aadd800 JavaThread "Service Thread" daemon [_thread_blocked, id=24488, stack(0x000000001b3b0000,0x000000001b4b0000)]
  0x000000001aadd000 JavaThread "C1 CompilerThread3" daemon [_thread_blocked, id=8468, stack(0x000000001b2b0000,0x000000001b3b0000)]
=>0x000000001aadc000 JavaThread "C2 CompilerThread2" daemon [_thread_in_native, id=20868, stack(0x000000001b1b0000,0x000000001b2b0000)]
  0x000000001aa74000 JavaThread "C2 CompilerThread1" daemon [_thread_blocked, id=14008, stack(0x000000001b0b0000,0x000000001b1b0000)]
  0x000000001aa73000 JavaThread "C2 CompilerThread0" daemon [_thread_blocked, id=21748, stack(0x000000001afb0000,0x000000001b0b0000)]
  0x00000000199bc000 JavaThread "JDWP Command Reader" daemon [_thread_in_native, id=9268, stack(0x000000001a6b0000,0x000000001a7b0000)]
  0x00000000199b8000 JavaThread "JDWP Event Helper Thread" daemon [_thread_blocked, id=14736, stack(0x000000001a5b0000,0x000000001a6b0000)]
  0x00000000199b1800 JavaThread "JDWP Transport Listener: dt_socket" daemon [_thread_blocked, id=25772, stack(0x000000001a4b0000,0x000000001a5b0000)]
  0x00000000199a7000 JavaThread "Attach Listener" daemon [_thread_blocked, id=27600, stack(0x000000001a070000,0x000000001a170000)]
  0x00000000199a6000 JavaThread "Signal Dispatcher" daemon [_thread_blocked, id=19568, stack(0x0000000019f70000,0x000000001a070000)]
  0x0000000019990800 JavaThread "Finalizer" daemon [_thread_blocked, id=3768, stack(0x0000000019d70000,0x0000000019e70000)]
  0x0000000017aae800 JavaThread "Reference Handler" daemon [_thread_blocked, id=1700, stack(0x0000000019870000,0x0000000019970000)]
  0x0000000002859000 JavaThread "Forwarding newSession on session null to remote" [_thread_in_native, id=3660, stack(0x0000000002750000,0x0000000002850000)]

Other Threads:
  0x0000000017aa6800 VMThread [stack: 0x0000000019770000,0x0000000019870000] [id=2620]
  0x000000001aac1800 WatcherThread [stack: 0x000000001b4b0000,0x000000001b5b0000] [id=27472]

VM state:not at safepoint (normal execution)

VM Mutex/Monitor currently owned by a thread: None

Heap:
 PSYoungGen      total 38400K, used 10528K [0x00000000d5d00000, 0x00000000d8780000, 0x0000000100000000)
  eden space 33280K, 16% used [0x00000000d5d00000,0x00000000d624f3b0,0x00000000d7d80000)
  from space 5120K, 99% used [0x00000000d8280000,0x00000000d8778e10,0x00000000d8780000)
  to   space 5120K, 0% used [0x00000000d7d80000,0x00000000d7d80000,0x00000000d8280000)
 ParOldGen       total 87552K, used 2199K [0x0000000081600000, 0x0000000086b80000, 0x00000000d5d00000)
  object space 87552K, 2% used [0x0000000081600000,0x0000000081825f80,0x0000000086b80000)
 Metaspace       used 16564K, capacity 17240K, committed 17536K, reserved 1064960K
  class space    used 2196K, capacity 2414K, committed 2432K, reserved 1048576K

Card table byte_map: [0x0000000011ec0000,0x00000000122c0000] byte_map_base: 0x0000000011ab5000

Marking Bits: (ParMarkBitMap*) 0x000000006d002d00
 Begin Bits: [0x0000000012d70000, 0x0000000014d18000)
 End Bits:   [0x0000000014d18000, 0x0000000016cc0000)

Polling page: 0x0000000000ce0000

CodeCache: size=245760Kb used=7575Kb max_used=7626Kb free=238184Kb
 bounds [0x0000000002b00000, 0x0000000003280000, 0x0000000011b00000]
 total_blobs=2150 nmethods=1778 adapters=292
 compilation: enabled

Compilation events (10 events):
Event: 9.279 Thread 0x000000001aa73000 nmethod 1776 0x0000000003243810 code [0x0000000003243980, 0x0000000003243eb8]
Event: 9.279 Thread 0x000000001aa73000 1763       4       java.io.DataInputStream::readChar (40 bytes)
Event: 9.294 Thread 0x000000001aadd000 1781       1       java.util.logging.Logger::getName (5 bytes)
Event: 9.295 Thread 0x000000001aadd000 nmethod 1781 0x0000000003245cd0 code [0x0000000003245e20, 0x0000000003245f30]
Event: 9.295 Thread 0x000000001aa73000 nmethod 1763 0x0000000003244750 code [0x00000000032448e0, 0x0000000003245758]
Event: 9.295 Thread 0x000000001aa73000 1780       4       java.nio.DirectLongBufferU::put (18 bytes)
Event: 9.297 Thread 0x000000001aa73000 nmethod 1780 0x00000000032444d0 code [0x0000000003244600, 0x0000000003244698]
Event: 9.298 Thread 0x000000001aadd000 1782       1       org.eclipse.jdt.launching.internal.org.objectweb.asm.ClassWriter::visitEnd (1 bytes)
Event: 9.298 Thread 0x000000001aadd000 nmethod 1782 0x00000000032471d0 code [0x0000000003247320, 0x0000000003247430]
Event: 9.380 Thread 0x000000001aa74000 nmethod 1687 0x0000000003265990 code [0x0000000003265e60, 0x000000000326fae0]

GC Heap History (8 events):
Event: 2.414 GC heap before
{Heap before GC invocations=1 (full 0):
 PSYoungGen      total 38400K, used 33280K [0x00000000d5d00000, 0x00000000d8780000, 0x0000000100000000)
  eden space 33280K, 100% used [0x00000000d5d00000,0x00000000d7d80000,0x00000000d7d80000)
  from space 5120K, 0% used [0x00000000d8280000,0x00000000d8280000,0x00000000d8780000)
  to   space 5120K, 0% used [0x00000000d7d80000,0x00000000d7d80000,0x00000000d8280000)
 ParOldGen       total 87552K, used 0K [0x0000000081600000, 0x0000000086b80000, 0x00000000d5d00000)
  object space 87552K, 0% used [0x0000000081600000,0x0000000081600000,0x0000000086b80000)
 Metaspace       used 6995K, capacity 7122K, committed 7296K, reserved 1056768K
  class space    used 797K, capacity 817K, committed 896K, reserved 1048576K
Event: 2.427 GC heap after
Heap after GC invocations=1 (full 0):
 PSYoungGen      total 38400K, used 3362K [0x00000000d5d00000, 0x00000000d8780000, 0x0000000100000000)
  eden space 33280K, 0% used [0x00000000d5d00000,0x00000000d5d00000,0x00000000d7d80000)
  from space 5120K, 65% used [0x00000000d7d80000,0x00000000d80c88f0,0x00000000d8280000)
  to   space 5120K, 0% used [0x00000000d8280000,0x00000000d8280000,0x00000000d8780000)
 ParOldGen       total 87552K, used 8K [0x0000000081600000, 0x0000000086b80000, 0x00000000d5d00000)
  object space 87552K, 0% used [0x0000000081600000,0x0000000081602000,0x0000000086b80000)
 Metaspace       used 6995K, capacity 7122K, committed 7296K, reserved 1056768K
  class space    used 797K, capacity 817K, committed 896K, reserved 1048576K
}
Event: 3.473 GC heap before
{Heap before GC invocations=2 (full 0):
 PSYoungGen      total 38400K, used 36642K [0x00000000d5d00000, 0x00000000d8780000, 0x0000000100000000)
  eden space 33280K, 100% used [0x00000000d5d00000,0x00000000d7d80000,0x00000000d7d80000)
  from space 5120K, 65% used [0x00000000d7d80000,0x00000000d80c88f0,0x00000000d8280000)
  to   space 5120K, 0% used [0x00000000d8280000,0x00000000d8280000,0x00000000d8780000)
 ParOldGen       total 87552K, used 8K [0x0000000081600000, 0x0000000086b80000, 0x00000000d5d00000)
  object space 87552K, 0% used [0x0000000081600000,0x0000000081602000,0x0000000086b80000)
 Metaspace       used 9013K, capacity 9112K, committed 9216K, reserved 1056768K
  class space    used 1179K, capacity 1202K, committed 1280K, reserved 1048576K
Event: 3.485 GC heap after
Heap after GC invocations=2 (full 0):
 PSYoungGen      total 38400K, used 3657K [0x00000000d5d00000, 0x00000000d8780000, 0x0000000100000000)
  eden space 33280K, 0% used [0x00000000d5d00000,0x00000000d5d00000,0x00000000d7d80000)
  from space 5120K, 71% used [0x00000000d8280000,0x00000000d8612580,0x00000000d8780000)
  to   space 5120K, 0% used [0x00000000d7d80000,0x00000000d7d80000,0x00000000d8280000)
 ParOldGen       total 87552K, used 16K [0x0000000081600000, 0x0000000086b80000, 0x00000000d5d00000)
  object space 87552K, 0% used [0x0000000081600000,0x0000000081604000,0x0000000086b80000)
 Metaspace       used 9013K, capacity 9112K, committed 9216K, reserved 1056768K
  class space    used 1179K, capacity 1202K, committed 1280K, reserved 1048576K
}
Event: 6.143 GC heap before
{Heap before GC invocations=3 (full 0):
 PSYoungGen      total 38400K, used 36937K [0x00000000d5d00000, 0x00000000d8780000, 0x0000000100000000)
  eden space 33280K, 100% used [0x00000000d5d00000,0x00000000d7d80000,0x00000000d7d80000)
  from space 5120K, 71% used [0x00000000d8280000,0x00000000d8612580,0x00000000d8780000)
  to   space 5120K, 0% used [0x00000000d7d80000,0x00000000d7d80000,0x00000000d8280000)
 ParOldGen       total 87552K, used 16K [0x0000000081600000, 0x0000000086b80000, 0x00000000d5d00000)
  object space 87552K, 0% used [0x0000000081600000,0x0000000081604000,0x0000000086b80000)
 Metaspace       used 12966K, capacity 13290K, committed 13568K, reserved 1060864K
  class space    used 1657K, capacity 1775K, committed 1792K, reserved 1048576K
Event: 6.150 GC heap after
Heap after GC invocations=3 (full 0):
 PSYoungGen      total 38400K, used 5092K [0x00000000d5d00000, 0x00000000d8780000, 0x0000000100000000)
  eden space 33280K, 0% used [0x00000000d5d00000,0x00000000d5d00000,0x00000000d7d80000)
  from space 5120K, 99% used [0x00000000d7d80000,0x00000000d8279028,0x00000000d8280000)
  to   space 5120K, 0% used [0x00000000d8280000,0x00000000d8280000,0x00000000d8780000)
 ParOldGen       total 87552K, used 579K [0x0000000081600000, 0x0000000086b80000, 0x00000000d5d00000)
  object space 87552K, 0% used [0x0000000081600000,0x0000000081690d70,0x0000000086b80000)
 Metaspace       used 12966K, capacity 13290K, committed 13568K, reserved 1060864K
  class space    used 1657K, capacity 1775K, committed 1792K, reserved 1048576K
}
Event: 9.177 GC heap before
{Heap before GC invocations=4 (full 0):
 PSYoungGen      total 38400K, used 38372K [0x00000000d5d00000, 0x00000000d8780000, 0x0000000100000000)
  eden space 33280K, 100% used [0x00000000d5d00000,0x00000000d7d80000,0x00000000d7d80000)
  from space 5120K, 99% used [0x00000000d7d80000,0x00000000d8279028,0x00000000d8280000)
  to   space 5120K, 0% used [0x00000000d8280000,0x00000000d8280000,0x00000000d8780000)
 ParOldGen       total 87552K, used 579K [0x0000000081600000, 0x0000000086b80000, 0x00000000d5d00000)
  object space 87552K, 0% used [0x0000000081600000,0x0000000081690d70,0x0000000086b80000)
 Metaspace       used 16200K, capacity 16902K, committed 17280K, reserved 1064960K
  class space    used 2157K, capacity 2347K, committed 2432K, reserved 1048576K
Event: 9.194 GC heap after
Heap after GC invocations=4 (full 0):
 PSYoungGen      total 38400K, used 5091K [0x00000000d5d00000, 0x00000000d8780000, 0x0000000100000000)
  eden space 33280K, 0% used [0x00000000d5d00000,0x00000000d5d00000,0x00000000d7d80000)
  from space 5120K, 99% used [0x00000000d8280000,0x00000000d8778e10,0x00000000d8780000)
  to   space 5120K, 0% used [0x00000000d7d80000,0x00000000d7d80000,0x00000000d8280000)
 ParOldGen       total 87552K, used 2199K [0x0000000081600000, 0x0000000086b80000, 0x00000000d5d00000)
  object space 87552K, 2% used [0x0000000081600000,0x0000000081825f80,0x0000000086b80000)
 Metaspace       used 16200K, capacity 16902K, committed 17280K, reserved 1064960K
  class space    used 2157K, capacity 2347K, committed 2432K, reserved 1048576K
}

Deoptimization events (10 events):
Event: 8.900 Thread 0x0000000002859000 Uncommon trap: reason=class_check action=maybe_recompile pc=0x00000000030f1da0 method=java.util.regex.Matcher.search(I)Z @ 86
Event: 8.901 Thread 0x0000000002859000 Uncommon trap: reason=class_check action=maybe_recompile pc=0x00000000030f1da0 method=java.util.regex.Matcher.search(I)Z @ 86
Event: 8.901 Thread 0x0000000002859000 Uncommon trap: reason=class_check action=maybe_recompile pc=0x00000000030c7c2c method=java.util.regex.Pattern$Curly.match(Ljava/util/regex/Matcher;ILjava/lang/CharSequence;)Z @ 19
Event: 8.928 Thread 0x0000000002859000 Uncommon trap: reason=class_check action=maybe_recompile pc=0x00000000030c7c2c method=java.util.regex.Pattern$Curly.match(Ljava/util/regex/Matcher;ILjava/lang/CharSequence;)Z @ 19
Event: 8.928 Thread 0x0000000002859000 Uncommon trap: reason=class_check action=maybe_recompile pc=0x00000000030c7c2c method=java.util.regex.Pattern$Curly.match(Ljava/util/regex/Matcher;ILjava/lang/CharSequence;)Z @ 19
Event: 8.948 Thread 0x0000000002859000 Uncommon trap: reason=unstable_if action=reinterpret pc=0x00000000031277c0 method=org.eclipse.jdt.launching.internal.org.objectweb.asm.SymbolTable.addConstant(Ljava/lang/Object;)Lorg/eclipse/jdt/launching/internal/org/objectweb/asm/Symbol; @ 107
Event: 9.013 Thread 0x0000000002859000 Uncommon trap: reason=unstable_if action=reinterpret pc=0x0000000002dfb6ec method=org.eclipse.jdt.launching.internal.org.objectweb.asm.ByteVector.putUTF8(Ljava/lang/String;)Lorg/eclipse/jdt/launching/internal/org/objectweb/asm/ByteVector; @ 91
Event: 9.013 Thread 0x0000000002859000 Uncommon trap: reason=unstable_if action=reinterpret pc=0x0000000002e34e4c method=org.eclipse.jdt.launching.internal.org.objectweb.asm.ByteVector.encodeUTF8(Ljava/lang/String;II)Lorg/eclipse/jdt/launching/internal/org/objectweb/asm/ByteVector; @ 30
Event: 9.016 Thread 0x0000000002859000 Uncommon trap: reason=unstable_if action=reinterpret pc=0x0000000002e09708 method=org.eclipse.jdt.launching.internal.org.objectweb.asm.ByteVector.putUTF8(Ljava/lang/String;)Lorg/eclipse/jdt/launching/internal/org/objectweb/asm/ByteVector; @ 91
Event: 9.131 Thread 0x0000000002859000 Uncommon trap: reason=unstable_if action=reinterpret pc=0x0000000003093370 method=java.util.regex.Pattern$BmpCharProperty.match(Ljava/util/regex/Matcher;ILjava/lang/CharSequence;)Z @ 34

Classes redefined (0 events):
No events

Internal exceptions (10 events):
Event: 7.849 Thread 0x000000001f4f3800 Exception <a 'java/net/SocketTimeoutException': connect timed out> (0x00000000d627c688) thrown at [C:\re\workspace\8-2-build-windows-amd64-cygwin\jdk8u181\11358\hotspot\src\share\vm\prims\jni.cpp, line 735]
Event: 8.390 Thread 0x000000001f4f3800 Exception <a 'java/net/SocketTimeoutException': connect timed out> (0x00000000d627db60) thrown at [C:\re\workspace\8-2-build-windows-amd64-cygwin\jdk8u181\11358\hotspot\src\share\vm\prims\jni.cpp, line 735]
Event: 8.526 Thread 0x0000000002859000 Exception <a 'java/lang/IncompatibleClassChangeError': Found class java.lang.Object, but interface was expected> (0x00000000d6516fa8) thrown at [C:\re\workspace\8-2-build-windows-amd64-cygwin\jdk8u181\11358\hotspot\src\share\vm\interpreter\linkResolver.cp
Event: 8.532 Thread 0x0000000002859000 Exception <a 'java/lang/NoSuchMethodError': java.lang.Object.lambda$or$2(Ljava/util/function/Predicate;Ljava/lang/Object;)Z> (0x00000000d652bff0) thrown at [C:\re\workspace\8-2-build-windows-amd64-cygwin\jdk8u181\11358\hotspot\src\share\vm\interpreter\lin
Event: 8.591 Thread 0x0000000002859000 Exception <a 'java/lang/ArrayIndexOutOfBoundsException': 110> (0x00000000d6848680) thrown at [C:\re\workspace\8-2-build-windows-amd64-cygwin\jdk8u181\11358\hotspot\src\share\vm\interpreter\interpreterRuntime.cpp, line 366]
Event: 8.591 Thread 0x0000000002859000 Exception <a 'java/lang/ArrayIndexOutOfBoundsException': 67> (0x00000000d684a038) thrown at [C:\re\workspace\8-2-build-windows-amd64-cygwin\jdk8u181\11358\hotspot\src\share\vm\interpreter\interpreterRuntime.cpp, line 366]
Event: 8.591 Thread 0x0000000002859000 Exception <a 'java/lang/ArrayIndexOutOfBoundsException': 88> (0x00000000d684b2b0) thrown at [C:\re\workspace\8-2-build-windows-amd64-cygwin\jdk8u181\11358\hotspot\src\share\vm\interpreter\interpreterRuntime.cpp, line 366]
Event: 8.592 Thread 0x0000000002859000 Exception <a 'java/lang/ArrayIndexOutOfBoundsException': 92> (0x00000000d6854038) thrown at [C:\re\workspace\8-2-build-windows-amd64-cygwin\jdk8u181\11358\hotspot\src\share\vm\interpreter\interpreterRuntime.cpp, line 366]
Event: 8.593 Thread 0x0000000002859000 Exception <a 'java/lang/ArrayIndexOutOfBoundsException': 57> (0x00000000d685c698) thrown at [C:\re\workspace\8-2-build-windows-amd64-cygwin\jdk8u181\11358\hotspot\src\share\vm\interpreter\interpreterRuntime.cpp, line 366]
Event: 8.700 Thread 0x0000000002859000 Exception <a 'java/lang/NoSuchMethodError': java.lang.Object.lambda$chars$0()Ljava/util/Spliterator$OfInt;> (0x00000000d6cae718) thrown at [C:\re\workspace\8-2-build-windows-amd64-cygwin\jdk8u181\11358\hotspot\src\share\vm\interpreter\linkResolver.cpp, li

Events (10 events):
Event: 9.329 Thread 0x0000000002859000 DEOPT UNPACKING pc=0x0000000002b47890 sp=0x000000000284b8b0 mode 1
Event: 9.331 loading class okio/AsyncTimeout$Watchdog
Event: 9.331 loading class okio/AsyncTimeout$Watchdog done
Event: 9.331 Thread 0x0000000002859000 DEOPT PACKING pc=0x0000000002d50881 sp=0x000000000284c280
Event: 9.331 Thread 0x0000000002859000 DEOPT UNPACKING pc=0x0000000002b47890 sp=0x000000000284bfd0 mode 1
Event: 9.331 Thread 0x0000000002859000 DEOPT PACKING pc=0x0000000002d320bc sp=0x000000000284c300
Event: 9.331 Thread 0x0000000002859000 DEOPT UNPACKING pc=0x0000000002b47890 sp=0x000000000284c120 mode 1
Event: 9.331 Thread 0x0000000002859000 DEOPT PACKING pc=0x0000000002d31e54 sp=0x000000000284c490
Event: 9.331 Thread 0x0000000002859000 DEOPT UNPACKING pc=0x0000000002b47890 sp=0x000000000284c2b0 mode 1
Event: 9.332 Thread 0x000000001f87a000 Thread added: 0x000000001f87a000


Dynamic libraries:
0x00007ff6e1690000 - 0x00007ff6e16c7000 	C:\Program Files\Java\jdk1.8.0_181\bin\javaw.exe
0x00007ffda5a60000 - 0x00007ffda5c50000 	C:\WINDOWS\SYSTEM32\ntdll.dll
0x00007ffda4fc0000 - 0x00007ffda5072000 	C:\WINDOWS\System32\KERNEL32.DLL
0x00007ffda35c0000 - 0x00007ffda3864000 	C:\WINDOWS\System32\KERNELBASE.dll
0x00007ffda5240000 - 0x00007ffda52e3000 	C:\WINDOWS\System32\ADVAPI32.dll
0x00007ffda4de0000 - 0x00007ffda4e7e000 	C:\WINDOWS\System32\msvcrt.dll
0x00007ffda5080000 - 0x00007ffda5117000 	C:\WINDOWS\System32\sechost.dll
0x00007ffda5120000 - 0x00007ffda5240000 	C:\WINDOWS\System32\RPCRT4.dll
0x00007ffda4c40000 - 0x00007ffda4dd4000 	C:\WINDOWS\System32\USER32.dll
0x00007ffda2a40000 - 0x00007ffda2a61000 	C:\WINDOWS\System32\win32u.dll
0x00007ffda4330000 - 0x00007ffda4356000 	C:\WINDOWS\System32\GDI32.dll
0x00007ffda38f0000 - 0x00007ffda3a86000 	C:\WINDOWS\System32\gdi32full.dll
0x00007ffda3420000 - 0x00007ffda34be000 	C:\WINDOWS\System32\msvcp_win.dll
0x00007ffda34c0000 - 0x00007ffda35ba000 	C:\WINDOWS\System32\ucrtbase.dll
0x00007ffd7f3b0000 - 0x00007ffd7f634000 	C:\WINDOWS\WinSxS\amd64_microsoft.windows.common-controls_6595b64144ccf1df_6.0.18362.959_none_e6c7bbbf130c62bb\COMCTL32.dll
0x00007ffda3e90000 - 0x00007ffda41c5000 	C:\WINDOWS\System32\combase.dll
0x00007ffda3870000 - 0x00007ffda38f0000 	C:\WINDOWS\System32\bcryptPrimitives.dll
0x00007ffda3cc0000 - 0x00007ffda3cee000 	C:\WINDOWS\System32\IMM32.DLL
0x000000006d090000 - 0x000000006d162000 	C:\Program Files\Java\jdk1.8.0_181\jre\bin\msvcr100.dll
0x000000006c7e0000 - 0x000000006d082000 	C:\Program Files\Java\jdk1.8.0_181\jre\bin\server\jvm.dll
0x00007ffda4b60000 - 0x00007ffda4b68000 	C:\WINDOWS\System32\PSAPI.DLL
0x00007ffd94ca0000 - 0x00007ffd94ca9000 	C:\WINDOWS\SYSTEM32\WSOCK32.dll
0x00007ffd9faa0000 - 0x00007ffd9fac4000 	C:\WINDOWS\SYSTEM32\WINMM.dll
0x00007ffd981d0000 - 0x00007ffd981da000 	C:\WINDOWS\SYSTEM32\VERSION.dll
0x00007ffda4f50000 - 0x00007ffda4fbf000 	C:\WINDOWS\System32\WS2_32.dll
0x00007ffd9f4b0000 - 0x00007ffd9f4dd000 	C:\WINDOWS\SYSTEM32\WINMMBASE.dll
0x00007ffda3ac0000 - 0x00007ffda3b0a000 	C:\WINDOWS\System32\cfgmgr32.dll
0x000000006da90000 - 0x000000006da9f000 	C:\Program Files\Java\jdk1.8.0_181\jre\bin\verify.dll
0x000000006da60000 - 0x000000006da89000 	C:\Program Files\Java\jdk1.8.0_181\jre\bin\java.dll
0x000000006da20000 - 0x000000006da55000 	C:\Program Files\Java\jdk1.8.0_181\jre\bin\jdwp.dll
0x000000006c7d0000 - 0x000000006c7d8000 	C:\Program Files\Java\jdk1.8.0_181\jre\bin\npt.dll
0x000000006c7a0000 - 0x000000006c7c3000 	C:\Program Files\Java\jdk1.8.0_181\jre\bin\instrument.dll
0x000000006c780000 - 0x000000006c796000 	C:\Program Files\Java\jdk1.8.0_181\jre\bin\zip.dll
0x00007ffda4370000 - 0x00007ffda4a56000 	C:\WINDOWS\System32\SHELL32.dll
0x00007ffda52f0000 - 0x00007ffda5399000 	C:\WINDOWS\System32\shcore.dll
0x00007ffda2c90000 - 0x00007ffda3412000 	C:\WINDOWS\System32\windows.storage.dll
0x00007ffda2940000 - 0x00007ffda2963000 	C:\WINDOWS\System32\profapi.dll
0x00007ffda2970000 - 0x00007ffda29ba000 	C:\WINDOWS\System32\powrprof.dll
0x00007ffda2910000 - 0x00007ffda2920000 	C:\WINDOWS\System32\UMPDC.dll
0x00007ffda5810000 - 0x00007ffda5862000 	C:\WINDOWS\System32\shlwapi.dll
0x00007ffda29c0000 - 0x00007ffda29d1000 	C:\WINDOWS\System32\kernel.appcore.dll
0x00007ffda2b20000 - 0x00007ffda2b37000 	C:\WINDOWS\System32\cryptsp.dll
0x000000006c720000 - 0x000000006c729000 	C:\Program Files\Java\jdk1.8.0_181\jre\bin\dt_socket.dll
0x00007ffd9cb50000 - 0x00007ffd9cb66000 	C:\WINDOWS\system32\napinsp.dll
0x00007ffd9a6f0000 - 0x00007ffd9a70a000 	C:\WINDOWS\system32\pnrpnsp.dll
0x00007ffda2120000 - 0x00007ffda2187000 	C:\WINDOWS\System32\mswsock.dll
0x00007ffda1e70000 - 0x00007ffda1f3b000 	C:\WINDOWS\SYSTEM32\DNSAPI.dll
0x00007ffda4ae0000 - 0x00007ffda4ae8000 	C:\WINDOWS\System32\NSI.dll
0x00007ffda1e30000 - 0x00007ffda1e6a000 	C:\WINDOWS\SYSTEM32\IPHLPAPI.DLL
0x00007ffd9cb40000 - 0x00007ffd9cb4e000 	C:\WINDOWS\System32\winrnr.dll
0x00007ffd9ee00000 - 0x00007ffd9ee1c000 	C:\WINDOWS\system32\NLAapi.dll
0x00007ffd9e300000 - 0x00007ffd9e315000 	C:\WINDOWS\system32\wshbth.dll
0x00007ffd98fc0000 - 0x00007ffd99037000 	C:\WINDOWS\System32\fwpuclnt.dll
0x00007ffda3a90000 - 0x00007ffda3ab6000 	C:\WINDOWS\System32\bcrypt.dll
0x00007ffd97e00000 - 0x00007ffd97e0a000 	C:\Windows\System32\rasadhlp.dll
0x000000006c700000 - 0x000000006c71a000 	C:\Program Files\Java\jdk1.8.0_181\jre\bin\net.dll
0x000000006c6d0000 - 0x000000006c6f4000 	C:\Program Files\Java\jdk1.8.0_181\jre\bin\sunec.dll
0x000000006c6c0000 - 0x000000006c6cb000 	C:\Program Files\Java\jdk1.8.0_181\jre\bin\sunmscapi.dll
0x00007ffda2b40000 - 0x00007ffda2c89000 	C:\WINDOWS\System32\CRYPT32.dll
0x00007ffda2920000 - 0x00007ffda2932000 	C:\WINDOWS\System32\MSASN1.dll
0x00007ffd99250000 - 0x00007ffd99266000 	C:\WINDOWS\SYSTEM32\dhcpcsvc6.DLL
0x00007ffd995e0000 - 0x00007ffd995fc000 	C:\WINDOWS\SYSTEM32\dhcpcsvc.DLL
0x000000006c6a0000 - 0x000000006c6b1000 	C:\Program Files\Java\jdk1.8.0_181\jre\bin\nio.dll
0x00007ffda1c90000 - 0x00007ffda1cc3000 	C:\WINDOWS\system32\rsaenh.dll
0x00007ffda2830000 - 0x00007ffda2855000 	C:\WINDOWS\SYSTEM32\USERENV.dll
0x00007ffda22f0000 - 0x00007ffda22fc000 	C:\WINDOWS\SYSTEM32\CRYPTBASE.dll

VM Arguments:
jvm_args: -agentlib:jdwp=transport=dt_socket,suspend=y,address=localhost:61990 -ea -javaagent:C:\Users\91917\eclipse\java-2018-092\eclipse\configuration\org.eclipse.osgi\237\0\.cp\lib\javaagent-shaded.jar -Dfile.encoding=UTF-8 
java_command: org.eclipse.jdt.internal.junit.runner.RemoteTestRunner -version 3 -port 61989 -testLoaderClass org.eclipse.jdt.internal.junit4.runner.JUnit4TestLoader -loaderpluginname org.eclipse.jdt.junit4.runtime -classNames com.makemytrip.runner.Runner
java_class_path (initial): C:\Users\91917\eclipse-workspace\MakeMyTrip\target\test-classes;C:\Users\91917\eclipse-workspace\MakeMyTrip\target\classes;C:\Users\91917\.m2\repository\junit\junit\4.12\junit-4.12.jar;C:\Users\91917\.m2\repository\org\hamcrest\hamcrest-core\1.3\hamcrest-core-1.3.jar;C:\Users\91917\.m2\repository\org\apache\poi\poi\4.1.1\poi-4.1.1.jar;C:\Users\91917\.m2\repository\commons-codec\commons-codec\1.13\commons-codec-1.13.jar;C:\Users\91917\.m2\repository\org\apache\commons\commons-collections4\4.4\commons-collections4-4.4.jar;C:\Users\91917\.m2\repository\org\apache\commons\commons-math3\3.6.1\commons-math3-3.6.1.jar;C:\Users\91917\.m2\repository\org\apache\poi\poi-ooxml\4.1.0\poi-ooxml-4.1.0.jar;C:\Users\91917\.m2\repository\org\apache\poi\poi-ooxml-schemas\4.1.0\poi-ooxml-schemas-4.1.0.jar;C:\Users\91917\.m2\repository\org\apache\xmlbeans\xmlbeans\3.1.0\xmlbeans-3.1.0.jar;C:\Users\91917\.m2\repository\org\apache\commons\commons-compress\1.18\commons-compress-1.18.jar;C:\Users\91917\.m2\repository\com\github\virtuald\curvesapi\1.06\curvesapi-1.06.jar;C:\Users\91917\.m2\repository\org\seleniumhq\selenium\selenium-java\3.141.59\selenium-java-3.141.59.jar;C:\Users\91917\.m2\repository\org\seleniumhq\selenium\selenium-api\3.141.59\selenium-api-3.141.59.jar;C:\Users\91917\.m2\repository\org\seleniumhq\selenium\selenium-chrome-driver\3.141.59\selenium-chrome-driver-3.141.59.jar;C:\Users\91917\.m2\repository\org\seleniumhq\selenium\selenium-edge-driver\3.141.59\selenium-edge-driver-3.141.59.jar;C:\Users\91917\.m2\repository\org\seleniumhq\selenium\selenium-firefox-driver\3.141.59\selenium-firefox-driver-3.141.59.jar;C:\Users\91917\.m2\repository\org\seleniumhq\selenium\selenium-ie-driver\3.141.59\selenium-ie-driver-3.141.59.jar;C:\Users\91917\.m2\repository\org\seleniumhq\selenium\selenium-opera-driver\3.141.59\selenium-opera-driver-3.141.59.jar;C:\Users\91917\.m2\repository\org\seleniumhq\selenium\selenium-remote-driver\3.141.59\selenium-remote-dri
Launcher Type: SUN_STANDARD

Environment Variables:
JAVA_HOME=C:\Program Files\Java\jdk1.8.0_181
PATH=C:\Program Files\Java\jdk1.8.0_181\jre\bin;C:/Program Files/Java/jre1.8.0_181/bin/server;C:/Program Files/Java/jre1.8.0_181/bin;C:/Program Files/Java/jre1.8.0_181/lib/amd64;C:\Users\91917\Downloads\WINDOWS.X64_193000_db_home\bin;C:\Program Files (x86)\Common Files\Oracle\Java\javapath;C:\WINDOWS\system32;C:\WINDOWS;C:\WINDOWS\System32\Wbem;C:\WINDOWS\System32\WindowsPowerShell\v1.0\;C:\WINDOWS\System32\OpenSSH\;D:\Java\jre1.8.0_18;C:\Maven\bin;C:\Program Files\Git\cmd;C:\Users\91917\AppData\Local\Android\Sdk\platform-tools;C:\Users\91917\AppData\Local\Android\Sdk\tools;C:\Users\91917\AppData\Local\Android\Sdk\tools\bin;C:\Program Files\nodejs\;C:\Program Files\Microsoft SQL Server\Client SDK\ODBC\170\Tools\Binn\;C:\Program Files (x86)\Microsoft SQL Server\150\Tools\Binn\;C:\Program Files\Microsoft SQL Server\150\Tools\Binn\;C:\Program Files\Microsoft SQL Server\150\DTS\Binn\;C:\Program Files (x86)\Microsoft SQL Server\150\DTS\Binn\;C:\gradle-6.5.1\bin;C:\Users\91917\AppData\Local\Microsoft\WindowsApps;;C:\WINDOWS\System32;
USERNAME=91917
OS=Windows_NT
PROCESSOR_IDENTIFIER=Intel64 Family 6 Model 142 Stepping 10, GenuineIntel



---------------  S Y S T E M  ---------------

OS: Windows 10.0 , 64 bit Build 18362 (10.0.18362.959)

CPU:total 8 (initial active 8) (4 cores per cpu, 2 threads per core) family 6 model 142 stepping 10, cmov, cx8, fxsr, mmx, sse, sse2, sse3, ssse3, sse4.1, sse4.2, popcnt, avx, avx2, aes, clmul, erms, 3dnowpref, lzcnt, ht, tsc, tscinvbit, bmi1, bmi2, adx

Memory: 4k page, physical 8295652k(1111388k free), swap 12391652k(752k free)

vm_info: Java HotSpot(TM) 64-Bit Server VM (25.181-b13) for windows-amd64 JRE (1.8.0_181-b13), built on Jul  7 2018 04:01:33 by "java_re" with MS VC++ 10.0 (VS2010)

time: Wed Aug 05 04:24:28 2020
elapsed time: 11 seconds (0d 0h 0m 11s)

