#
# There is insufficient memory for the Java Runtime Environment to continue.
# Native memory allocation (malloc) failed to allocate 164208 bytes for Chunk::new
# Possible reasons:
#   The system is out of physical RAM or swap space
#   In 32 bit mode, the process size limit was hit
# Possible solutions:
#   Reduce memory load on the system
#   Increase physical memory or swap space
#   Check if swap backing store is full
#   Use 64 bit Java on a 64 bit OS
#   Decrease Java heap size (-Xmx/-Xms)
#   Decrease number of Java threads
#   Decrease Java thread stack sizes (-Xss)
#   Set larger code cache with -XX:ReservedCodeCacheSize=
# This output file may be truncated or incomplete.
#
#  Out of Memory Error (allocation.cpp:390), pid=5124, tid=0x00000000000056a4
#
# JRE version: Java(TM) SE Runtime Environment (8.0_181-b13) (build 1.8.0_181-b13)
# Java VM: Java HotSpot(TM) 64-Bit Server VM (25.181-b13 mixed mode windows-amd64 compressed oops)
# Failed to write core dump. Minidumps are not enabled by default on client versions of Windows
#

---------------  T H R E A D  ---------------

Current thread (0x0000000019766800):  JavaThread "C2 CompilerThread0" daemon [_thread_in_native, id=22180, stack(0x0000000019f30000,0x000000001a030000)]

Stack: [0x0000000019f30000,0x000000001a030000]
[error occurred during error reporting (printing stack bounds), id 0xc0000005]

Native frames: (J=compiled Java code, j=interpreted, Vv=VM code, C=native code)


Current CompileTask:
C2:   1580  530       4       java.io.WinNTFileSystem::normalize (231 bytes)


---------------  P R O C E S S  ---------------

Java Threads: ( => current thread )
  0x00000000197c4000 JavaThread "Service Thread" daemon [_thread_blocked, id=11936, stack(0x000000001a330000,0x000000001a430000)]
  0x000000001977b000 JavaThread "C1 CompilerThread3" daemon [_thread_blocked, id=9756, stack(0x000000001a230000,0x000000001a330000)]
  0x0000000019770000 JavaThread "C2 CompilerThread2" daemon [_thread_blocked, id=11900, stack(0x000000001a130000,0x000000001a230000)]
  0x000000001976c000 JavaThread "C2 CompilerThread1" daemon [_thread_blocked, id=8624, stack(0x000000001a030000,0x000000001a130000)]
=>0x0000000019766800 JavaThread "C2 CompilerThread0" daemon [_thread_in_native, id=22180, stack(0x0000000019f30000,0x000000001a030000)]
  0x0000000019760000 JavaThread "Attach Listener" daemon [_thread_blocked, id=11708, stack(0x0000000019e30000,0x0000000019f30000)]
  0x000000001975f000 JavaThread "Signal Dispatcher" daemon [_thread_blocked, id=30568, stack(0x0000000019d30000,0x0000000019e30000)]
  0x0000000019751800 JavaThread "Finalizer" daemon [_thread_blocked, id=27160, stack(0x0000000019b30000,0x0000000019c30000)]
  0x00000000028bc000 JavaThread "Reference Handler" daemon [_thread_blocked, id=18276, stack(0x0000000019630000,0x0000000019730000)]
  0x00000000027c7000 JavaThread "main" [_thread_in_Java, id=2252, stack(0x00000000026c0000,0x00000000027c0000)]

Other Threads:
  0x0000000017869000 VMThread [stack: 0x0000000019530000,0x0000000019630000] [id=26060]
  0x00000000197c8000 WatcherThread [stack: 0x000000001a430000,0x000000001a530000] [id=25924]

VM state:not at safepoint (normal execution)

VM Mutex/Monitor currently owned by a thread: None

Heap:
 PSYoungGen      total 38400K, used 14012K [0x00000000d5d00000, 0x00000000d8780000, 0x0000000100000000)
  eden space 33280K, 42% used [0x00000000d5d00000,0x00000000d6aaf298,0x00000000d7d80000)
  from space 5120K, 0% used [0x00000000d8280000,0x00000000d8280000,0x00000000d8780000)
  to   space 5120K, 0% used [0x00000000d7d80000,0x00000000d7d80000,0x00000000d8280000)
 ParOldGen       total 87552K, used 0K [0x0000000081600000, 0x0000000086b80000, 0x00000000d5d00000)
  object space 87552K, 0% used [0x0000000081600000,0x0000000081600000,0x0000000086b80000)
 Metaspace       used 7607K, capacity 7760K, committed 7936K, reserved 1056768K
  class space    used 896K, capacity 974K, committed 1024K, reserved 1048576K

Card table byte_map: [0x0000000011c80000,0x0000000012080000] byte_map_base: 0x0000000011875000

Marking Bits: (ParMarkBitMap*) 0x000000006d032d00
 Begin Bits: [0x0000000012b30000, 0x0000000014ad8000)
 End Bits:   [0x0000000014ad8000, 0x0000000016a80000)

Polling page: 0x00000000024c0000

CodeCache: size=245760Kb used=2503Kb max_used=2503Kb free=243256Kb
 bounds [0x00000000028c0000, 0x0000000002b40000, 0x00000000118c0000]
 total_blobs=881 nmethods=571 adapters=223
 compilation: enabled

Compilation events (10 events):
Event: 1.528 Thread 0x000000001977b000 nmethod 549 0x0000000002b22390 code [0x0000000002b224e0, 0x0000000002b226d0]
Event: 1.528 Thread 0x000000001977b000  550       3       java.util.LinkedHashMap::newNode (23 bytes)
Event: 1.528 Thread 0x000000001977b000 nmethod 550 0x0000000002b25910 code [0x0000000002b25aa0, 0x0000000002b25ed0]
Event: 1.528 Thread 0x000000001977b000  551       3       java.util.LinkedHashMap$Entry::<init> (10 bytes)
Event: 1.529 Thread 0x000000001977b000 nmethod 551 0x0000000002b26110 code [0x0000000002b26280, 0x0000000002b264d0]
Event: 1.529 Thread 0x000000001977b000  552       3       java.util.LinkedHashMap::linkNodeLast (33 bytes)
Event: 1.529 Thread 0x000000001977b000 nmethod 552 0x0000000002b265d0 code [0x0000000002b26740, 0x0000000002b26950]
Event: 1.529 Thread 0x000000001977b000  553       3       java.util.LinkedHashMap::afterNodeInsertion (40 bytes)
Event: 1.530 Thread 0x000000001977b000 nmethod 553 0x0000000002b26a10 code [0x0000000002b26ba0, 0x0000000002b270c8]
Event: 1.530 Thread 0x000000001977b000  556       3       java.lang.String::toUpperCase (439 bytes)

GC Heap History (0 events):
No events

Deoptimization events (1 events):
Event: 0.442 Thread 0x00000000027c7000 Uncommon trap: reason=unstable_if action=reinterpret pc=0x00000000029c3ba0 method=java.lang.String.hashCode()I @ 14

Classes redefined (0 events):
No events

Internal exceptions (10 events):
Event: 1.423 Thread 0x00000000027c7000 Exception <a 'java/security/PrivilegedActionException'> (0x00000000d696ef08) thrown at [C:\re\workspace\8-2-build-windows-amd64-cygwin\jdk8u181\11358\hotspot\src\share\vm\prims\jvm.cpp, line 1435]
Event: 1.423 Thread 0x00000000027c7000 Exception <a 'java/security/PrivilegedActionException'> (0x00000000d696f300) thrown at [C:\re\workspace\8-2-build-windows-amd64-cygwin\jdk8u181\11358\hotspot\src\share\vm\prims\jvm.cpp, line 1435]
Event: 1.423 Thread 0x00000000027c7000 Exception <a 'java/security/PrivilegedActionException'> (0x00000000d6970e28) thrown at [C:\re\workspace\8-2-build-windows-amd64-cygwin\jdk8u181\11358\hotspot\src\share\vm\prims\jvm.cpp, line 1435]
Event: 1.423 Thread 0x00000000027c7000 Exception <a 'java/security/PrivilegedActionException'> (0x00000000d6971220) thrown at [C:\re\workspace\8-2-build-windows-amd64-cygwin\jdk8u181\11358\hotspot\src\share\vm\prims\jvm.cpp, line 1435]
Event: 1.424 Thread 0x00000000027c7000 Exception <a 'java/security/PrivilegedActionException'> (0x00000000d6972910) thrown at [C:\re\workspace\8-2-build-windows-amd64-cygwin\jdk8u181\11358\hotspot\src\share\vm\prims\jvm.cpp, line 1435]
Event: 1.424 Thread 0x00000000027c7000 Exception <a 'java/security/PrivilegedActionException'> (0x00000000d6972d08) thrown at [C:\re\workspace\8-2-build-windows-amd64-cygwin\jdk8u181\11358\hotspot\src\share\vm\prims\jvm.cpp, line 1435]
Event: 1.424 Thread 0x00000000027c7000 Exception <a 'java/security/PrivilegedActionException'> (0x00000000d6974998) thrown at [C:\re\workspace\8-2-build-windows-amd64-cygwin\jdk8u181\11358\hotspot\src\share\vm\prims\jvm.cpp, line 1435]
Event: 1.424 Thread 0x00000000027c7000 Exception <a 'java/security/PrivilegedActionException'> (0x00000000d6974d90) thrown at [C:\re\workspace\8-2-build-windows-amd64-cygwin\jdk8u181\11358\hotspot\src\share\vm\prims\jvm.cpp, line 1435]
Event: 1.424 Thread 0x00000000027c7000 Exception <a 'java/security/PrivilegedActionException'> (0x00000000d6976678) thrown at [C:\re\workspace\8-2-build-windows-amd64-cygwin\jdk8u181\11358\hotspot\src\share\vm\prims\jvm.cpp, line 1435]
Event: 1.424 Thread 0x00000000027c7000 Exception <a 'java/security/PrivilegedActionException'> (0x00000000d6976a70) thrown at [C:\re\workspace\8-2-build-windows-amd64-cygwin\jdk8u181\11358\hotspot\src\share\vm\prims\jvm.cpp, line 1435]

Events (10 events):
Event: 1.525 loading class sun/security/provider/NativePRNG$NonBlocking done
Event: 1.526 loading class java/security/Provider$Service
Event: 1.526 loading class java/security/Provider$Service done
Event: 1.527 loading class java/security/Provider$UString
Event: 1.527 loading class java/security/Provider$UString done
Event: 1.529 loading class sun/security/rsa/SunRsaSign
Event: 1.530 loading class sun/security/rsa/SunRsaSign done
Event: 1.530 loading class sun/security/rsa/SunRsaSignEntries
Event: 1.530 loading class sun/security/rsa/SunRsaSignEntries done
Event: 1.532 loading class sun/security/ec/SunEC


Dynamic libraries:
0x00007ff688e60000 - 0x00007ff688e97000 	C:\Program Files\Java\jdk1.8.0_181\bin\javaw.exe
0x00007ffda5a60000 - 0x00007ffda5c50000 	C:\WINDOWS\SYSTEM32\ntdll.dll
0x00007ffda4fc0000 - 0x00007ffda5072000 	C:\WINDOWS\System32\KERNEL32.DLL
0x00007ffda35c0000 - 0x00007ffda3864000 	C:\WINDOWS\System32\KERNELBASE.dll
0x00007ffda5240000 - 0x00007ffda52e3000 	C:\WINDOWS\System32\ADVAPI32.dll
0x00007ffda4de0000 - 0x00007ffda4e7e000 	C:\WINDOWS\System32\msvcrt.dll
0x00007ffda5080000 - 0x00007ffda5117000 	C:\WINDOWS\System32\sechost.dll
0x00007ffda5120000 - 0x00007ffda5240000 	C:\WINDOWS\System32\RPCRT4.dll
0x00007ffda4c40000 - 0x00007ffda4dd4000 	C:\WINDOWS\System32\USER32.dll
0x00007ffda2a40000 - 0x00007ffda2a61000 	C:\WINDOWS\System32\win32u.dll
0x00007ffda4330000 - 0x00007ffda4356000 	C:\WINDOWS\System32\GDI32.dll
0x00007ffda38f0000 - 0x00007ffda3a86000 	C:\WINDOWS\System32\gdi32full.dll
0x00007ffda3420000 - 0x00007ffda34be000 	C:\WINDOWS\System32\msvcp_win.dll
0x00007ffda34c0000 - 0x00007ffda35ba000 	C:\WINDOWS\System32\ucrtbase.dll
0x00007ffd7f3b0000 - 0x00007ffd7f634000 	C:\WINDOWS\WinSxS\amd64_microsoft.windows.common-controls_6595b64144ccf1df_6.0.18362.959_none_e6c7bbbf130c62bb\COMCTL32.dll
0x00007ffda3e90000 - 0x00007ffda41c5000 	C:\WINDOWS\System32\combase.dll
0x00007ffda3870000 - 0x00007ffda38f0000 	C:\WINDOWS\System32\bcryptPrimitives.dll
0x00007ffda3cc0000 - 0x00007ffda3cee000 	C:\WINDOWS\System32\IMM32.DLL
0x000000006d0c0000 - 0x000000006d192000 	C:\Program Files\Java\jdk1.8.0_181\jre\bin\msvcr100.dll
0x000000006c810000 - 0x000000006d0b2000 	C:\Program Files\Java\jdk1.8.0_181\jre\bin\server\jvm.dll
0x00007ffda4b60000 - 0x00007ffda4b68000 	C:\WINDOWS\System32\PSAPI.DLL
0x00007ffd9faa0000 - 0x00007ffd9fac4000 	C:\WINDOWS\SYSTEM32\WINMM.dll
0x00007ffd981d0000 - 0x00007ffd981da000 	C:\WINDOWS\SYSTEM32\VERSION.dll
0x00007ffda01d0000 - 0x00007ffda01d9000 	C:\WINDOWS\SYSTEM32\WSOCK32.dll
0x00007ffda4f50000 - 0x00007ffda4fbf000 	C:\WINDOWS\System32\WS2_32.dll
0x00007ffd9f4b0000 - 0x00007ffd9f4dd000 	C:\WINDOWS\SYSTEM32\winmmbase.dll
0x00007ffda3ac0000 - 0x00007ffda3b0a000 	C:\WINDOWS\System32\cfgmgr32.dll
0x000000006c800000 - 0x000000006c80f000 	C:\Program Files\Java\jdk1.8.0_181\jre\bin\verify.dll
0x000000006c7d0000 - 0x000000006c7f9000 	C:\Program Files\Java\jdk1.8.0_181\jre\bin\java.dll
0x000000006c7b0000 - 0x000000006c7c6000 	C:\Program Files\Java\jdk1.8.0_181\jre\bin\zip.dll
0x00007ffda4370000 - 0x00007ffda4a56000 	C:\WINDOWS\System32\SHELL32.dll
0x00007ffda52f0000 - 0x00007ffda5399000 	C:\WINDOWS\System32\shcore.dll
0x00007ffda2c90000 - 0x00007ffda3412000 	C:\WINDOWS\System32\windows.storage.dll
0x00007ffda2940000 - 0x00007ffda2963000 	C:\WINDOWS\System32\profapi.dll
0x00007ffda2970000 - 0x00007ffda29ba000 	C:\WINDOWS\System32\powrprof.dll
0x00007ffda2910000 - 0x00007ffda2920000 	C:\WINDOWS\System32\UMPDC.dll
0x00007ffda5810000 - 0x00007ffda5862000 	C:\WINDOWS\System32\shlwapi.dll
0x00007ffda29c0000 - 0x00007ffda29d1000 	C:\WINDOWS\System32\kernel.appcore.dll
0x00007ffda2b20000 - 0x00007ffda2b37000 	C:\WINDOWS\System32\cryptsp.dll
0x000000006c790000 - 0x000000006c7aa000 	C:\Program Files\Java\jdk1.8.0_181\jre\bin\net.dll
0x00007ffda2120000 - 0x00007ffda2187000 	C:\WINDOWS\system32\mswsock.dll
0x00007ffda1e70000 - 0x00007ffda1f3b000 	C:\WINDOWS\SYSTEM32\DNSAPI.dll
0x00007ffda4ae0000 - 0x00007ffda4ae8000 	C:\WINDOWS\System32\NSI.dll
0x00007ffda1e30000 - 0x00007ffda1e6a000 	C:\WINDOWS\SYSTEM32\IPHLPAPI.DLL
0x00007ffd97e00000 - 0x00007ffd97e0a000 	C:\Windows\System32\rasadhlp.dll
0x00007ffd98fc0000 - 0x00007ffd99037000 	C:\WINDOWS\System32\fwpuclnt.dll
0x00007ffda3a90000 - 0x00007ffda3ab6000 	C:\WINDOWS\System32\bcrypt.dll

VM Arguments:
jvm_args: -Dfile.encoding=UTF-8 
java_command: com.makemytrip.stepdefinition.EveningFlight_In_MultipleCase
java_class_path (initial): C:\Users\91917\eclipse-workspace\MakeMyTrip\target\test-classes;C:\Users\91917\eclipse-workspace\MakeMyTrip\target\classes;C:\Users\91917\.m2\repository\junit\junit\4.12\junit-4.12.jar;C:\Users\91917\.m2\repository\org\hamcrest\hamcrest-core\1.3\hamcrest-core-1.3.jar;C:\Users\91917\.m2\repository\org\apache\poi\poi\4.1.1\poi-4.1.1.jar;C:\Users\91917\.m2\repository\commons-codec\commons-codec\1.13\commons-codec-1.13.jar;C:\Users\91917\.m2\repository\org\apache\commons\commons-collections4\4.4\commons-collections4-4.4.jar;C:\Users\91917\.m2\repository\org\apache\commons\commons-math3\3.6.1\commons-math3-3.6.1.jar;C:\Users\91917\.m2\repository\org\apache\poi\poi-ooxml\4.1.0\poi-ooxml-4.1.0.jar;C:\Users\91917\.m2\repository\org\apache\poi\poi-ooxml-schemas\4.1.0\poi-ooxml-schemas-4.1.0.jar;C:\Users\91917\.m2\repository\org\apache\xmlbeans\xmlbeans\3.1.0\xmlbeans-3.1.0.jar;C:\Users\91917\.m2\repository\org\apache\commons\commons-compress\1.18\commons-compress-1.18.jar;C:\Users\91917\.m2\repository\com\github\virtuald\curvesapi\1.06\curvesapi-1.06.jar;C:\Users\91917\.m2\repository\org\seleniumhq\selenium\selenium-java\3.141.59\selenium-java-3.141.59.jar;C:\Users\91917\.m2\repository\org\seleniumhq\selenium\selenium-api\3.141.59\selenium-api-3.141.59.jar;C:\Users\91917\.m2\repository\org\seleniumhq\selenium\selenium-chrome-driver\3.141.59\selenium-chrome-driver-3.141.59.jar;C:\Users\91917\.m2\repository\org\seleniumhq\selenium\selenium-edge-driver\3.141.59\selenium-edge-driver-3.141.59.jar;C:\Users\91917\.m2\repository\org\seleniumhq\selenium\selenium-firefox-driver\3.141.59\selenium-firefox-driver-3.141.59.jar;C:\Users\91917\.m2\repository\org\seleniumhq\selenium\selenium-ie-driver\3.141.59\selenium-ie-driver-3.141.59.jar;C:\Users\91917\.m2\repository\org\seleniumhq\selenium\selenium-opera-driver\3.141.59\selenium-opera-driver-3.141.59.jar;C:\Users\91917\.m2\repository\org\seleniumhq\selenium\selenium-remote-driver\3.141.59\selenium-remote-dri
Launcher Type: SUN_STANDARD

Environment Variables:
JAVA_HOME=C:\Program Files\Java\jdk1.8.0_181
PATH=C:/Program Files/Java/jre1.8.0_181/bin/server;C:/Program Files/Java/jre1.8.0_181/bin;C:/Program Files/Java/jre1.8.0_181/lib/amd64;C:\Users\91917\Downloads\WINDOWS.X64_193000_db_home\bin;C:\Program Files (x86)\Common Files\Oracle\Java\javapath;C:\WINDOWS\system32;C:\WINDOWS;C:\WINDOWS\System32\Wbem;C:\WINDOWS\System32\WindowsPowerShell\v1.0\;C:\WINDOWS\System32\OpenSSH\;D:\Java\jre1.8.0_18;C:\Maven\bin;C:\Program Files\Git\cmd;C:\Users\91917\AppData\Local\Android\Sdk\platform-tools;C:\Users\91917\AppData\Local\Android\Sdk\tools;C:\Users\91917\AppData\Local\Android\Sdk\tools\bin;C:\Program Files\nodejs\;C:\Program Files\Microsoft SQL Server\Client SDK\ODBC\170\Tools\Binn\;C:\Program Files (x86)\Microsoft SQL Server\150\Tools\Binn\;C:\Program Files\Microsoft SQL Server\150\Tools\Binn\;C:\Program Files\Microsoft SQL Server\150\DTS\Binn\;C:\Program Files (x86)\Microsoft SQL Server\150\DTS\Binn\;C:\gradle-6.5.1\bin;C:\Users\91917\AppData\Local\Microsoft\WindowsApps;;C:\WINDOWS\System32;
USERNAME=91917
OS=Windows_NT
PROCESSOR_IDENTIFIER=Intel64 Family 6 Model 142 Stepping 10, GenuineIntel



---------------  S Y S T E M  ---------------

OS: Windows 10.0 , 64 bit Build 18362 (10.0.18362.959)

CPU:total 8 (initial active 8) (4 cores per cpu, 2 threads per core) family 6 model 142 stepping 10, cmov, cx8, fxsr, mmx, sse, sse2, sse3, ssse3, sse4.1, sse4.2, popcnt, avx, avx2, aes, clmul, erms, 3dnowpref, lzcnt, ht, tsc, tscinvbit, bmi1, bmi2, adx

Memory: 4k page, physical 8295652k(1143920k free), swap 12391652k(4116k free)

vm_info: Java HotSpot(TM) 64-Bit Server VM (25.181-b13) for windows-amd64 JRE (1.8.0_181-b13), built on Jul  7 2018 04:01:33 by "java_re" with MS VC++ 10.0 (VS2010)

time: Thu Aug 06 02:45:01 2020
elapsed time: 1 seconds (0d 0h 0m 1s)

