#
# There is insufficient memory for the Java Runtime Environment to continue.
# Native memory allocation (malloc) failed to allocate 1048576 bytes for AllocateHeap
# Possible reasons:
#   The system is out of physical RAM or swap space
#   In 32 bit mode, the process size limit was hit
# Possible solutions:
#   Reduce memory load on the system
#   Increase physical memory or swap space
#   Check if swap backing store is full
#   Use 64 bit Java on a 64 bit OS
#   Decrease Java heap size (-Xmx/-Xms)
#   Decrease number of Java threads
#   Decrease Java thread stack sizes (-Xss)
#   Set larger code cache with -XX:ReservedCodeCacheSize=
# This output file may be truncated or incomplete.
#
#  Out of Memory Error (memory/allocation.inline.hpp:61), pid=22568, tid=0x000000000000729c
#
# JRE version:  (8.0_181-b13) (build )
# Java VM: Java HotSpot(TM) 64-Bit Server VM (25.181-b13 mixed mode windows-amd64 compressed oops)
# Failed to write core dump. Minidumps are not enabled by default on client versions of Windows
#

---------------  T H R E A D  ---------------

Current thread (0x00000000032f7000):  JavaThread "Unknown thread" [_thread_in_vm, id=29340, stack(0x0000000003190000,0x0000000003290000)]

Stack: [0x0000000003190000,0x0000000003290000]
[error occurred during error reporting (printing stack bounds), id 0xc0000005]

Native frames: (J=compiled Java code, j=interpreted, Vv=VM code, C=native code)


---------------  P R O C E S S  ---------------

Java Threads: ( => current thread )

Other Threads:

=>0x00000000032f7000 (exited) JavaThread "Unknown thread" [_thread_in_vm, id=29340, stack(0x0000000003190000,0x0000000003290000)]

VM state:not at safepoint (normal execution)

VM Mutex/Monitor currently owned by a thread: None

Heap:
 PSYoungGen      total 38400K, used 665K [0x00000000d5d00000, 0x00000000d8780000, 0x0000000100000000)
  eden space 33280K, 2% used [0x00000000d5d00000,0x00000000d5da6670,0x00000000d7d80000)
  from space 5120K, 0% used [0x00000000d8280000,0x00000000d8280000,0x00000000d8780000)
  to   space 5120K, 0% used [0x00000000d7d80000,0x00000000d7d80000,0x00000000d8280000)
 ParOldGen       total 87552K, used 0K [0x0000000081600000, 0x0000000086b80000, 0x00000000d5d00000)
  object space 87552K, 0% used [0x0000000081600000,0x0000000081600000,0x0000000086b80000)
 Metaspace       used 775K, capacity 4480K, committed 4480K, reserved 1056768K
  class space    used 76K, capacity 384K, committed 384K, reserved 1048576K

Card table byte_map: [0x00000000127b0000,0x0000000012bb0000] byte_map_base: 0x00000000123a5000

Marking Bits: (ParMarkBitMap*) 0x000000006d0b2d00
 Begin Bits: [0x0000000013660000, 0x0000000015608000)
 End Bits:   [0x0000000015608000, 0x00000000175b0000)

Polling page: 0x0000000003290000

CodeCache: size=245760Kb used=328Kb max_used=328Kb free=245431Kb
 bounds [0x00000000033f0000, 0x0000000003660000, 0x00000000123f0000]
 total_blobs=58 nmethods=0 adapters=38
 compilation: enabled

Compilation events (0 events):
No events

GC Heap History (0 events):
No events

Deoptimization events (0 events):
No events

Classes redefined (0 events):
No events

Internal exceptions (0 events):
No events

Events (10 events):
Event: 0.056 loading class java/lang/Short
Event: 0.056 loading class java/lang/Short done
Event: 0.056 loading class java/lang/Integer
Event: 0.056 loading class java/lang/Integer done
Event: 0.056 loading class java/lang/Long
Event: 0.056 loading class java/lang/Long done
Event: 0.057 loading class java/lang/NullPointerException
Event: 0.057 loading class java/lang/NullPointerException done
Event: 0.057 loading class java/lang/ArithmeticException
Event: 0.057 loading class java/lang/ArithmeticException done


Dynamic libraries:
0x00007ff6b5070000 - 0x00007ff6b50a7000 	C:\Program Files\Java\jdk1.8.0_181\bin\javaw.exe
0x00007ffda5a60000 - 0x00007ffda5c50000 	C:\WINDOWS\SYSTEM32\ntdll.dll
0x00007ffda4fc0000 - 0x00007ffda5072000 	C:\WINDOWS\System32\KERNEL32.DLL
0x00007ffda35c0000 - 0x00007ffda3864000 	C:\WINDOWS\System32\KERNELBASE.dll
0x00007ffda5240000 - 0x00007ffda52e3000 	C:\WINDOWS\System32\ADVAPI32.dll
0x00007ffda4de0000 - 0x00007ffda4e7e000 	C:\WINDOWS\System32\msvcrt.dll
0x00007ffda5080000 - 0x00007ffda5117000 	C:\WINDOWS\System32\sechost.dll
0x00007ffda5120000 - 0x00007ffda5240000 	C:\WINDOWS\System32\RPCRT4.dll
0x00007ffda4c40000 - 0x00007ffda4dd4000 	C:\WINDOWS\System32\USER32.dll
0x00007ffda2a40000 - 0x00007ffda2a61000 	C:\WINDOWS\System32\win32u.dll
0x00007ffda4330000 - 0x00007ffda4356000 	C:\WINDOWS\System32\GDI32.dll
0x00007ffda38f0000 - 0x00007ffda3a86000 	C:\WINDOWS\System32\gdi32full.dll
0x00007ffda3420000 - 0x00007ffda34be000 	C:\WINDOWS\System32\msvcp_win.dll
0x00007ffda34c0000 - 0x00007ffda35ba000 	C:\WINDOWS\System32\ucrtbase.dll
0x00007ffd7f3b0000 - 0x00007ffd7f634000 	C:\WINDOWS\WinSxS\amd64_microsoft.windows.common-controls_6595b64144ccf1df_6.0.18362.959_none_e6c7bbbf130c62bb\COMCTL32.dll
0x00007ffda3e90000 - 0x00007ffda41c5000 	C:\WINDOWS\System32\combase.dll
0x00007ffda3870000 - 0x00007ffda38f0000 	C:\WINDOWS\System32\bcryptPrimitives.dll
0x00007ffda3cc0000 - 0x00007ffda3cee000 	C:\WINDOWS\System32\IMM32.DLL
0x000000006d140000 - 0x000000006d212000 	C:\Program Files\Java\jdk1.8.0_181\jre\bin\msvcr100.dll
0x000000006c890000 - 0x000000006d132000 	C:\Program Files\Java\jdk1.8.0_181\jre\bin\server\jvm.dll
0x00007ffda4b60000 - 0x00007ffda4b68000 	C:\WINDOWS\System32\PSAPI.DLL
0x00007ffda01d0000 - 0x00007ffda01d9000 	C:\WINDOWS\SYSTEM32\WSOCK32.dll
0x00007ffd981d0000 - 0x00007ffd981da000 	C:\WINDOWS\SYSTEM32\VERSION.dll
0x00007ffd9faa0000 - 0x00007ffd9fac4000 	C:\WINDOWS\SYSTEM32\WINMM.dll
0x00007ffda4f50000 - 0x00007ffda4fbf000 	C:\WINDOWS\System32\WS2_32.dll
0x00007ffd9f4b0000 - 0x00007ffd9f4dd000 	C:\WINDOWS\SYSTEM32\WINMMBASE.dll
0x00007ffda3ac0000 - 0x00007ffda3b0a000 	C:\WINDOWS\System32\cfgmgr32.dll
0x000000006fd20000 - 0x000000006fd2f000 	C:\Program Files\Java\jdk1.8.0_181\jre\bin\verify.dll
0x000000006e210000 - 0x000000006e239000 	C:\Program Files\Java\jdk1.8.0_181\jre\bin\java.dll
0x000000006fd00000 - 0x000000006fd16000 	C:\Program Files\Java\jdk1.8.0_181\jre\bin\zip.dll

VM Arguments:
jvm_args: -Dfile.encoding=UTF-8 
java_command: com.makemytrip.stepdefinition.EveningFlight_In_MultipleCase
java_class_path (initial): C:\Users\91917\eclipse-workspace\MakeMyTrip\target\test-classes;C:\Users\91917\eclipse-workspace\MakeMyTrip\target\classes;C:\Users\91917\.m2\repository\junit\junit\4.12\junit-4.12.jar;C:\Users\91917\.m2\repository\org\hamcrest\hamcrest-core\1.3\hamcrest-core-1.3.jar;C:\Users\91917\.m2\repository\org\apache\poi\poi\4.1.1\poi-4.1.1.jar;C:\Users\91917\.m2\repository\commons-codec\commons-codec\1.13\commons-codec-1.13.jar;C:\Users\91917\.m2\repository\org\apache\commons\commons-collections4\4.4\commons-collections4-4.4.jar;C:\Users\91917\.m2\repository\org\apache\commons\commons-math3\3.6.1\commons-math3-3.6.1.jar;C:\Users\91917\.m2\repository\org\apache\poi\poi-ooxml\4.1.0\poi-ooxml-4.1.0.jar;C:\Users\91917\.m2\repository\org\apache\poi\poi-ooxml-schemas\4.1.0\poi-ooxml-schemas-4.1.0.jar;C:\Users\91917\.m2\repository\org\apache\xmlbeans\xmlbeans\3.1.0\xmlbeans-3.1.0.jar;C:\Users\91917\.m2\repository\org\apache\commons\commons-compress\1.18\commons-compress-1.18.jar;C:\Users\91917\.m2\repository\com\github\virtuald\curvesapi\1.06\curvesapi-1.06.jar;C:\Users\91917\.m2\repository\org\seleniumhq\selenium\selenium-java\3.141.59\selenium-java-3.141.59.jar;C:\Users\91917\.m2\repository\org\seleniumhq\selenium\selenium-api\3.141.59\selenium-api-3.141.59.jar;C:\Users\91917\.m2\repository\org\seleniumhq\selenium\selenium-chrome-driver\3.141.59\selenium-chrome-driver-3.141.59.jar;C:\Users\91917\.m2\repository\org\seleniumhq\selenium\selenium-edge-driver\3.141.59\selenium-edge-driver-3.141.59.jar;C:\Users\91917\.m2\repository\org\seleniumhq\selenium\selenium-firefox-driver\3.141.59\selenium-firefox-driver-3.141.59.jar;C:\Users\91917\.m2\repository\org\seleniumhq\selenium\selenium-ie-driver\3.141.59\selenium-ie-driver-3.141.59.jar;C:\Users\91917\.m2\repository\org\seleniumhq\selenium\selenium-opera-driver\3.141.59\selenium-opera-driver-3.141.59.jar;C:\Users\91917\.m2\repository\org\seleniumhq\selenium\selenium-remote-driver\3.141.59\selenium-remote-dri
Launcher Type: SUN_STANDARD

Environment Variables:
JAVA_HOME=C:\Program Files\Java\jdk1.8.0_181
PATH=C:/Program Files/Java/jre1.8.0_181/bin/server;C:/Program Files/Java/jre1.8.0_181/bin;C:/Program Files/Java/jre1.8.0_181/lib/amd64;C:\Users\91917\Downloads\WINDOWS.X64_193000_db_home\bin;C:\Program Files (x86)\Common Files\Oracle\Java\javapath;C:\WINDOWS\system32;C:\WINDOWS;C:\WINDOWS\System32\Wbem;C:\WINDOWS\System32\WindowsPowerShell\v1.0\;C:\WINDOWS\System32\OpenSSH\;D:\Java\jre1.8.0_18;C:\Maven\bin;C:\Program Files\Git\cmd;C:\Users\91917\AppData\Local\Android\Sdk\platform-tools;C:\Users\91917\AppData\Local\Android\Sdk\tools;C:\Users\91917\AppData\Local\Android\Sdk\tools\bin;C:\Program Files\nodejs\;C:\Program Files\Microsoft SQL Server\Client SDK\ODBC\170\Tools\Binn\;C:\Program Files (x86)\Microsoft SQL Server\150\Tools\Binn\;C:\Program Files\Microsoft SQL Server\150\Tools\Binn\;C:\Program Files\Microsoft SQL Server\150\DTS\Binn\;C:\Program Files (x86)\Microsoft SQL Server\150\DTS\Binn\;C:\gradle-6.5.1\bin;C:\Users\91917\AppData\Local\Microsoft\WindowsApps;;C:\WINDOWS\System32;
USERNAME=91917
OS=Windows_NT
PROCESSOR_IDENTIFIER=Intel64 Family 6 Model 142 Stepping 10, GenuineIntel



---------------  S Y S T E M  ---------------

OS: Windows 10.0 , 64 bit Build 18362 (10.0.18362.959)

CPU:total 8 (initial active 8) (4 cores per cpu, 2 threads per core) family 6 model 142 stepping 10, cmov, cx8, fxsr, mmx, sse, sse2, sse3, ssse3, sse4.1, sse4.2, popcnt, avx, avx2, aes, clmul, erms, 3dnowpref, lzcnt, ht, tsc, tscinvbit, bmi1, bmi2, adx

Memory: 4k page, physical 8295652k(1289456k free), swap 12391652k(5768k free)

vm_info: Java HotSpot(TM) 64-Bit Server VM (25.181-b13) for windows-amd64 JRE (1.8.0_181-b13), built on Jul  7 2018 04:01:33 by "java_re" with MS VC++ 10.0 (VS2010)

time: Thu Aug 06 03:35:49 2020
elapsed time: 0 seconds (0d 0h 0m 0s)

